2024-11-21 14:03:15.733 [background-preinit] INFO  org.hibernate.validator.internal.util.Version - HV000001: Hibernate Validator 8.0.1.Final
2024-11-21 14:03:15.766 [main] INFO  c.e.x.j.productdemoaop.ProductDemoAOPApplication - Starting ProductDemoAOPApplication using Java 17.0.12 with PID 45364 (D:\文档\WORD\大学\JavaEE\JavaEE-2-4\Exp6\7.SpringAOP\productdemoaop\target\classes started by X-BELIEVER in D:\文档\WORD\大学\JavaEE\JavaEE-2-4\Exp6\7.SpringAOP)
2024-11-21 14:03:15.767 [main] DEBUG c.e.x.j.productdemoaop.ProductDemoAOPApplication - Running with Spring Boot v3.3.4, Spring v6.1.13
2024-11-21 14:03:15.767 [main] INFO  c.e.x.j.productdemoaop.ProductDemoAOPApplication - No active profile set, falling back to 1 default profile: "default"
2024-11-21 14:03:16.385 [main] INFO  o.s.d.r.config.RepositoryConfigurationDelegate - Multiple Spring Data modules found, entering strict repository configuration mode
2024-11-21 14:03:16.387 [main] INFO  o.s.d.r.config.RepositoryConfigurationDelegate - Bootstrapping Spring Data Redis repositories in DEFAULT mode.
2024-11-21 14:03:16.411 [main] INFO  o.s.d.r.config.RepositoryConfigurationDelegate - Finished Spring Data repository scanning in 13 ms. Found 0 Redis repository interfaces.
2024-11-21 14:03:17.027 [main] INFO  o.s.boot.web.embedded.tomcat.TomcatWebServer - Tomcat initialized with port 8080 (http)
2024-11-21 14:03:17.029 [main] INFO  org.apache.catalina.core.AprLifecycleListener - An older version [1.3.1] of the Apache Tomcat Native library is installed, while Tomcat recommends a minimum version of [2.0.5]
2024-11-21 14:03:17.029 [main] INFO  org.apache.catalina.core.AprLifecycleListener - Loaded Apache Tomcat Native library [1.3.1] using APR version [1.7.4].
2024-11-21 14:03:17.032 [main] INFO  org.apache.catalina.core.AprLifecycleListener - OpenSSL successfully initialized [OpenSSL 3.0.14 4 Jun 2024]
2024-11-21 14:03:17.038 [main] INFO  org.apache.coyote.http11.Http11NioProtocol - Initializing ProtocolHandler ["http-nio-8080"]
2024-11-21 14:03:17.040 [main] INFO  org.apache.catalina.core.StandardService - Starting service [Tomcat]
2024-11-21 14:03:17.040 [main] INFO  org.apache.catalina.core.StandardEngine - Starting Servlet engine: [Apache Tomcat/10.1.30]
2024-11-21 14:03:17.084 [main] INFO  o.a.c.core.ContainerBase.[Tomcat].[localhost].[/] - Initializing Spring embedded WebApplicationContext
2024-11-21 14:03:17.085 [main] INFO  o.s.b.w.s.c.ServletWebServerApplicationContext - Root WebApplicationContext: initialization completed in 1289 ms
2024-11-21 14:03:18.249 [main] INFO  o.s.b.actuate.endpoint.web.EndpointLinksResolver - Exposing 14 endpoints beneath base path '/actuator'
2024-11-21 14:03:18.284 [main] INFO  org.apache.coyote.http11.Http11NioProtocol - Starting ProtocolHandler ["http-nio-8080"]
2024-11-21 14:03:18.301 [main] INFO  o.s.boot.web.embedded.tomcat.TomcatWebServer - Tomcat started on port 8080 (http) with context path '/'
2024-11-21 14:03:18.309 [main] INFO  c.e.x.j.productdemoaop.ProductDemoAOPApplication - Started ProductDemoAOPApplication in 2.84 seconds (process running for 3.501)
2024-11-21 14:03:18.471 [RMI TCP Connection(2)-192.168.222.1] INFO  o.a.c.core.ContainerBase.[Tomcat].[localhost].[/] - Initializing Spring DispatcherServlet 'dispatcherServlet'
2024-11-21 14:03:18.471 [RMI TCP Connection(2)-192.168.222.1] INFO  org.springframework.web.servlet.DispatcherServlet - Initializing Servlet 'dispatcherServlet'
2024-11-21 14:03:18.472 [RMI TCP Connection(2)-192.168.222.1] INFO  org.springframework.web.servlet.DispatcherServlet - Completed initialization in 0 ms
2024-11-21 14:03:18.493 [RMI TCP Connection(3)-192.168.222.1] INFO  com.alibaba.druid.pool.DruidDataSource - {dataSource-1} inited
2024-11-21 14:03:24.632 [boundedElastic-1] WARN  o.s.b.a.data.redis.RedisReactiveHealthIndicator - Redis health check failed
org.springframework.data.redis.RedisConnectionFailureException: Unable to connect to Redis
	at org.springframework.data.redis.connection.lettuce.LettuceConnectionFactory$ExceptionTranslatingConnectionProvider.translateException(LettuceConnectionFactory.java:1849)
	at org.springframework.data.redis.connection.lettuce.LettuceConnectionFactory$ExceptionTranslatingConnectionProvider.getConnection(LettuceConnectionFactory.java:1780)
	at org.springframework.data.redis.connection.lettuce.LettuceConnectionFactory$SharedConnection.getNativeConnection(LettuceConnectionFactory.java:1582)
	at org.springframework.data.redis.connection.lettuce.LettuceConnectionFactory$SharedConnection.lambda$getConnection$0(LettuceConnectionFactory.java:1562)
	at org.springframework.data.redis.connection.lettuce.LettuceConnectionFactory.doInLock(LettuceConnectionFactory.java:1523)
	at org.springframework.data.redis.connection.lettuce.LettuceConnectionFactory$SharedConnection.getConnection(LettuceConnectionFactory.java:1559)
	at org.springframework.data.redis.connection.lettuce.LettuceConnectionFactory.getSharedReactiveConnection(LettuceConnectionFactory.java:1270)
	at org.springframework.data.redis.connection.lettuce.LettuceConnectionFactory.getReactiveConnection(LettuceConnectionFactory.java:1145)
	at org.springframework.data.redis.connection.lettuce.LettuceConnectionFactory.getReactiveConnection(LettuceConnectionFactory.java:118)
	at reactor.core.publisher.MonoSupplier.call(MonoSupplier.java:67)
	at reactor.core.publisher.FluxSubscribeOnCallable$CallableSubscribeOnSubscription.run(FluxSubscribeOnCallable.java:228)
	at reactor.core.scheduler.SchedulerTask.call(SchedulerTask.java:68)
	at reactor.core.scheduler.SchedulerTask.call(SchedulerTask.java:28)
	at java.base/java.util.concurrent.FutureTask.run(FutureTask.java:264)
	at java.base/java.util.concurrent.ScheduledThreadPoolExecutor$ScheduledFutureTask.run(ScheduledThreadPoolExecutor.java:304)
	at java.base/java.util.concurrent.ThreadPoolExecutor.runWorker(ThreadPoolExecutor.java:1136)
	at java.base/java.util.concurrent.ThreadPoolExecutor$Worker.run(ThreadPoolExecutor.java:635)
	at java.base/java.lang.Thread.run(Thread.java:840)
Caused by: io.lettuce.core.RedisConnectionException: Unable to connect to 1.92.139.121/<unresolved>:6379
	at io.lettuce.core.RedisConnectionException.create(RedisConnectionException.java:78)
	at io.lettuce.core.RedisConnectionException.create(RedisConnectionException.java:56)
	at io.lettuce.core.AbstractRedisClient.getConnection(AbstractRedisClient.java:350)
	at io.lettuce.core.RedisClient.connect(RedisClient.java:215)
	at org.springframework.data.redis.connection.lettuce.StandaloneConnectionProvider.lambda$getConnection$1(StandaloneConnectionProvider.java:112)
	at java.base/java.util.Optional.orElseGet(Optional.java:364)
	at org.springframework.data.redis.connection.lettuce.StandaloneConnectionProvider.getConnection(StandaloneConnectionProvider.java:112)
	at org.springframework.data.redis.connection.lettuce.LettuceConnectionFactory$ExceptionTranslatingConnectionProvider.getConnection(LettuceConnectionFactory.java:1778)
	... 16 common frames omitted
Caused by: java.nio.channels.ClosedChannelException: null
	at io.netty.channel.nio.AbstractNioChannel.doClose(AbstractNioChannel.java:507)
	at io.netty.channel.socket.nio.NioSocketChannel.doClose(NioSocketChannel.java:348)
	at io.netty.channel.AbstractChannel$AbstractUnsafe.doClose0(AbstractChannel.java:752)
	at io.netty.channel.AbstractChannel$AbstractUnsafe.close(AbstractChannel.java:729)
	at io.netty.channel.AbstractChannel$AbstractUnsafe.close(AbstractChannel.java:619)
	at io.netty.channel.DefaultChannelPipeline$HeadContext.close(DefaultChannelPipeline.java:1299)
	at io.netty.channel.AbstractChannelHandlerContext.invokeClose(AbstractChannelHandlerContext.java:755)
	at io.netty.channel.AbstractChannelHandlerContext.access$1200(AbstractChannelHandlerContext.java:61)
	at io.netty.channel.AbstractChannelHandlerContext$11.run(AbstractChannelHandlerContext.java:738)
	at io.netty.util.concurrent.AbstractEventExecutor.runTask(AbstractEventExecutor.java:173)
	at io.netty.util.concurrent.AbstractEventExecutor.safeExecute(AbstractEventExecutor.java:166)
	at io.netty.util.concurrent.SingleThreadEventExecutor.runAllTasks(SingleThreadEventExecutor.java:472)
	at io.netty.channel.nio.NioEventLoop.run(NioEventLoop.java:569)
	at io.netty.util.concurrent.SingleThreadEventExecutor$4.run(SingleThreadEventExecutor.java:997)
	at io.netty.util.internal.ThreadExecutorMap$2.run(ThreadExecutorMap.java:74)
	at io.netty.util.concurrent.FastThreadLocalRunnable.run(FastThreadLocalRunnable.java:30)
	... 1 common frames omitted
2024-11-21 14:05:12.830 [background-preinit] INFO  org.hibernate.validator.internal.util.Version - HV000001: Hibernate Validator 8.0.1.Final
2024-11-21 14:05:12.859 [main] INFO  c.e.x.j.productdemoaop.ProductDemoAOPApplication - Starting ProductDemoAOPApplication using Java 17.0.12 with PID 52076 (D:\文档\WORD\大学\JavaEE\JavaEE-2-4\Exp6\7.SpringAOP\productdemoaop\target\classes started by X-BELIEVER in D:\文档\WORD\大学\JavaEE\JavaEE-2-4\Exp6\7.SpringAOP)
2024-11-21 14:05:12.860 [main] DEBUG c.e.x.j.productdemoaop.ProductDemoAOPApplication - Running with Spring Boot v3.3.4, Spring v6.1.13
2024-11-21 14:05:12.860 [main] INFO  c.e.x.j.productdemoaop.ProductDemoAOPApplication - No active profile set, falling back to 1 default profile: "default"
2024-11-21 14:05:13.399 [main] INFO  o.s.d.r.config.RepositoryConfigurationDelegate - Multiple Spring Data modules found, entering strict repository configuration mode
2024-11-21 14:05:13.401 [main] INFO  o.s.d.r.config.RepositoryConfigurationDelegate - Bootstrapping Spring Data Redis repositories in DEFAULT mode.
2024-11-21 14:05:13.422 [main] INFO  o.s.d.r.config.RepositoryConfigurationDelegate - Finished Spring Data repository scanning in 12 ms. Found 0 Redis repository interfaces.
2024-11-21 14:05:13.923 [main] INFO  o.s.boot.web.embedded.tomcat.TomcatWebServer - Tomcat initialized with port 8080 (http)
2024-11-21 14:05:13.925 [main] INFO  org.apache.catalina.core.AprLifecycleListener - An older version [1.3.1] of the Apache Tomcat Native library is installed, while Tomcat recommends a minimum version of [2.0.5]
2024-11-21 14:05:13.925 [main] INFO  org.apache.catalina.core.AprLifecycleListener - Loaded Apache Tomcat Native library [1.3.1] using APR version [1.7.4].
2024-11-21 14:05:13.928 [main] INFO  org.apache.catalina.core.AprLifecycleListener - OpenSSL successfully initialized [OpenSSL 3.0.14 4 Jun 2024]
2024-11-21 14:05:13.933 [main] INFO  org.apache.coyote.http11.Http11NioProtocol - Initializing ProtocolHandler ["http-nio-8080"]
2024-11-21 14:05:13.934 [main] INFO  org.apache.catalina.core.StandardService - Starting service [Tomcat]
2024-11-21 14:05:13.934 [main] INFO  org.apache.catalina.core.StandardEngine - Starting Servlet engine: [Apache Tomcat/10.1.30]
2024-11-21 14:05:13.970 [main] INFO  o.a.c.core.ContainerBase.[Tomcat].[localhost].[/] - Initializing Spring embedded WebApplicationContext
2024-11-21 14:05:13.970 [main] INFO  o.s.b.w.s.c.ServletWebServerApplicationContext - Root WebApplicationContext: initialization completed in 1078 ms
2024-11-21 14:05:15.076 [main] INFO  o.s.b.actuate.endpoint.web.EndpointLinksResolver - Exposing 14 endpoints beneath base path '/actuator'
2024-11-21 14:05:15.112 [main] INFO  org.apache.coyote.http11.Http11NioProtocol - Starting ProtocolHandler ["http-nio-8080"]
2024-11-21 14:05:15.127 [main] INFO  o.s.boot.web.embedded.tomcat.TomcatWebServer - Tomcat started on port 8080 (http) with context path '/'
2024-11-21 14:05:15.135 [main] INFO  c.e.x.j.productdemoaop.ProductDemoAOPApplication - Started ProductDemoAOPApplication in 2.516 seconds (process running for 3.039)
2024-11-21 14:05:15.309 [RMI TCP Connection(2)-192.168.222.1] INFO  o.a.c.core.ContainerBase.[Tomcat].[localhost].[/] - Initializing Spring DispatcherServlet 'dispatcherServlet'
2024-11-21 14:05:15.309 [RMI TCP Connection(2)-192.168.222.1] INFO  org.springframework.web.servlet.DispatcherServlet - Initializing Servlet 'dispatcherServlet'
2024-11-21 14:05:15.309 [RMI TCP Connection(2)-192.168.222.1] INFO  org.springframework.web.servlet.DispatcherServlet - Completed initialization in 0 ms
2024-11-21 14:05:15.326 [RMI TCP Connection(3)-192.168.222.1] INFO  com.alibaba.druid.pool.DruidDataSource - {dataSource-1} inited
2024-11-21 14:05:18.576 [boundedElastic-1] WARN  o.s.b.a.data.redis.RedisReactiveHealthIndicator - Redis health check failed
org.springframework.data.redis.RedisConnectionFailureException: Unable to connect to Redis
	at org.springframework.data.redis.connection.lettuce.LettuceConnectionFactory$ExceptionTranslatingConnectionProvider.translateException(LettuceConnectionFactory.java:1849)
	at org.springframework.data.redis.connection.lettuce.LettuceConnectionFactory$ExceptionTranslatingConnectionProvider.getConnection(LettuceConnectionFactory.java:1780)
	at org.springframework.data.redis.connection.lettuce.LettuceConnectionFactory$SharedConnection.getNativeConnection(LettuceConnectionFactory.java:1582)
	at org.springframework.data.redis.connection.lettuce.LettuceConnectionFactory$SharedConnection.lambda$getConnection$0(LettuceConnectionFactory.java:1562)
	at org.springframework.data.redis.connection.lettuce.LettuceConnectionFactory.doInLock(LettuceConnectionFactory.java:1523)
	at org.springframework.data.redis.connection.lettuce.LettuceConnectionFactory$SharedConnection.getConnection(LettuceConnectionFactory.java:1559)
	at org.springframework.data.redis.connection.lettuce.LettuceConnectionFactory.getSharedReactiveConnection(LettuceConnectionFactory.java:1270)
	at org.springframework.data.redis.connection.lettuce.LettuceConnectionFactory.getReactiveConnection(LettuceConnectionFactory.java:1145)
	at org.springframework.data.redis.connection.lettuce.LettuceConnectionFactory.getReactiveConnection(LettuceConnectionFactory.java:118)
	at reactor.core.publisher.MonoSupplier.call(MonoSupplier.java:67)
	at reactor.core.publisher.FluxSubscribeOnCallable$CallableSubscribeOnSubscription.run(FluxSubscribeOnCallable.java:228)
	at reactor.core.scheduler.SchedulerTask.call(SchedulerTask.java:68)
	at reactor.core.scheduler.SchedulerTask.call(SchedulerTask.java:28)
	at java.base/java.util.concurrent.FutureTask.run(FutureTask.java:264)
	at java.base/java.util.concurrent.ScheduledThreadPoolExecutor$ScheduledFutureTask.run(ScheduledThreadPoolExecutor.java:304)
	at java.base/java.util.concurrent.ThreadPoolExecutor.runWorker(ThreadPoolExecutor.java:1136)
	at java.base/java.util.concurrent.ThreadPoolExecutor$Worker.run(ThreadPoolExecutor.java:635)
	at java.base/java.lang.Thread.run(Thread.java:840)
Caused by: io.lettuce.core.RedisConnectionException: Unable to connect to 1.92.139.121/<unresolved>:6379
	at io.lettuce.core.RedisConnectionException.create(RedisConnectionException.java:78)
	at io.lettuce.core.RedisConnectionException.create(RedisConnectionException.java:56)
	at io.lettuce.core.AbstractRedisClient.getConnection(AbstractRedisClient.java:350)
	at io.lettuce.core.RedisClient.connect(RedisClient.java:215)
	at org.springframework.data.redis.connection.lettuce.StandaloneConnectionProvider.lambda$getConnection$1(StandaloneConnectionProvider.java:112)
	at java.base/java.util.Optional.orElseGet(Optional.java:364)
	at org.springframework.data.redis.connection.lettuce.StandaloneConnectionProvider.getConnection(StandaloneConnectionProvider.java:112)
	at org.springframework.data.redis.connection.lettuce.LettuceConnectionFactory$ExceptionTranslatingConnectionProvider.getConnection(LettuceConnectionFactory.java:1778)
	... 16 common frames omitted
Caused by: io.netty.channel.AbstractChannel$AnnotatedConnectException: Connection refused: getsockopt: /1.92.139.121:6379
Caused by: java.net.ConnectException: Connection refused: getsockopt
	at java.base/sun.nio.ch.Net.pollConnect(Native Method)
	at java.base/sun.nio.ch.Net.pollConnectNow(Net.java:672)
	at java.base/sun.nio.ch.SocketChannelImpl.finishConnect(SocketChannelImpl.java:946)
	at io.netty.channel.socket.nio.NioSocketChannel.doFinishConnect(NioSocketChannel.java:336)
	at io.netty.channel.nio.AbstractNioChannel$AbstractNioUnsafe.finishConnect(AbstractNioChannel.java:339)
	at io.netty.channel.nio.NioEventLoop.processSelectedKey(NioEventLoop.java:776)
	at io.netty.channel.nio.NioEventLoop.processSelectedKeysOptimized(NioEventLoop.java:724)
	at io.netty.channel.nio.NioEventLoop.processSelectedKeys(NioEventLoop.java:650)
	at io.netty.channel.nio.NioEventLoop.run(NioEventLoop.java:562)
	at io.netty.util.concurrent.SingleThreadEventExecutor$4.run(SingleThreadEventExecutor.java:997)
	at io.netty.util.internal.ThreadExecutorMap$2.run(ThreadExecutorMap.java:74)
	at io.netty.util.concurrent.FastThreadLocalRunnable.run(FastThreadLocalRunnable.java:30)
	at java.base/java.lang.Thread.run(Thread.java:840)
2024-11-21 22:46:24.620 [background-preinit] INFO  org.hibernate.validator.internal.util.Version - HV000001: Hibernate Validator 8.0.1.Final
2024-11-21 22:46:24.656 [main] INFO  c.e.x.j.productdemoaop.ProductDemoAOPApplication - Starting ProductDemoAOPApplication using Java 17.0.12 with PID 41112 (D:\文档\WORD\大学\JavaEE\JavaEE-2-4\Exp6\7.SpringAOP\productdemoaop\target\classes started by X-BELIEVER in D:\文档\WORD\大学\JavaEE\JavaEE-2-4\Exp6\7.SpringAOP)
2024-11-21 22:46:24.656 [main] DEBUG c.e.x.j.productdemoaop.ProductDemoAOPApplication - Running with Spring Boot v3.3.4, Spring v6.1.13
2024-11-21 22:46:24.657 [main] INFO  c.e.x.j.productdemoaop.ProductDemoAOPApplication - No active profile set, falling back to 1 default profile: "default"
2024-11-21 22:46:25.266 [main] INFO  o.s.d.r.config.RepositoryConfigurationDelegate - Multiple Spring Data modules found, entering strict repository configuration mode
2024-11-21 22:46:25.268 [main] INFO  o.s.d.r.config.RepositoryConfigurationDelegate - Bootstrapping Spring Data Redis repositories in DEFAULT mode.
2024-11-21 22:46:25.294 [main] INFO  o.s.d.r.config.RepositoryConfigurationDelegate - Finished Spring Data repository scanning in 17 ms. Found 0 Redis repository interfaces.
2024-11-21 22:46:25.877 [main] INFO  o.s.boot.web.embedded.tomcat.TomcatWebServer - Tomcat initialized with port 8080 (http)
2024-11-21 22:46:25.880 [main] INFO  org.apache.catalina.core.AprLifecycleListener - An older version [1.3.1] of the Apache Tomcat Native library is installed, while Tomcat recommends a minimum version of [2.0.5]
2024-11-21 22:46:25.880 [main] INFO  org.apache.catalina.core.AprLifecycleListener - Loaded Apache Tomcat Native library [1.3.1] using APR version [1.7.4].
2024-11-21 22:46:25.893 [main] INFO  org.apache.catalina.core.AprLifecycleListener - OpenSSL successfully initialized [OpenSSL 3.0.14 4 Jun 2024]
2024-11-21 22:46:25.898 [main] INFO  org.apache.coyote.http11.Http11NioProtocol - Initializing ProtocolHandler ["http-nio-8080"]
2024-11-21 22:46:25.900 [main] INFO  org.apache.catalina.core.StandardService - Starting service [Tomcat]
2024-11-21 22:46:25.900 [main] INFO  org.apache.catalina.core.StandardEngine - Starting Servlet engine: [Apache Tomcat/10.1.30]
2024-11-21 22:46:25.939 [main] INFO  o.a.c.core.ContainerBase.[Tomcat].[localhost].[/] - Initializing Spring embedded WebApplicationContext
2024-11-21 22:46:25.939 [main] INFO  o.s.b.w.s.c.ServletWebServerApplicationContext - Root WebApplicationContext: initialization completed in 1256 ms
2024-11-21 22:46:27.137 [main] INFO  o.s.b.actuate.endpoint.web.EndpointLinksResolver - Exposing 14 endpoints beneath base path '/actuator'
2024-11-21 22:46:27.172 [main] INFO  org.apache.coyote.http11.Http11NioProtocol - Starting ProtocolHandler ["http-nio-8080"]
2024-11-21 22:46:27.185 [main] INFO  o.s.boot.web.embedded.tomcat.TomcatWebServer - Tomcat started on port 8080 (http) with context path '/'
2024-11-21 22:46:27.193 [main] INFO  c.e.x.j.productdemoaop.ProductDemoAOPApplication - Started ProductDemoAOPApplication in 2.827 seconds (process running for 3.448)
2024-11-21 22:46:27.642 [RMI TCP Connection(3)-192.168.222.1] INFO  o.a.c.core.ContainerBase.[Tomcat].[localhost].[/] - Initializing Spring DispatcherServlet 'dispatcherServlet'
2024-11-21 22:46:27.642 [RMI TCP Connection(3)-192.168.222.1] INFO  org.springframework.web.servlet.DispatcherServlet - Initializing Servlet 'dispatcherServlet'
2024-11-21 22:46:27.643 [RMI TCP Connection(3)-192.168.222.1] INFO  org.springframework.web.servlet.DispatcherServlet - Completed initialization in 1 ms
2024-11-21 22:46:27.666 [RMI TCP Connection(2)-192.168.222.1] INFO  com.alibaba.druid.pool.DruidDataSource - {dataSource-1} inited
2024-11-21 22:47:31.774 [background-preinit] INFO  org.hibernate.validator.internal.util.Version - HV000001: Hibernate Validator 8.0.1.Final
2024-11-21 22:47:31.798 [main] INFO  c.e.x.j.productdemoaop.ProductDemoAOPApplication - Starting ProductDemoAOPApplication using Java 17.0.12 with PID 44924 (D:\文档\WORD\大学\JavaEE\JavaEE-2-4\Exp6\7.SpringAOP\productdemoaop\target\classes started by X-BELIEVER in D:\文档\WORD\大学\JavaEE\JavaEE-2-4\Exp6\7.SpringAOP)
2024-11-21 22:47:31.798 [main] DEBUG c.e.x.j.productdemoaop.ProductDemoAOPApplication - Running with Spring Boot v3.3.4, Spring v6.1.13
2024-11-21 22:47:31.799 [main] INFO  c.e.x.j.productdemoaop.ProductDemoAOPApplication - No active profile set, falling back to 1 default profile: "default"
2024-11-21 22:47:32.315 [main] INFO  o.s.d.r.config.RepositoryConfigurationDelegate - Multiple Spring Data modules found, entering strict repository configuration mode
2024-11-21 22:47:32.316 [main] INFO  o.s.d.r.config.RepositoryConfigurationDelegate - Bootstrapping Spring Data Redis repositories in DEFAULT mode.
2024-11-21 22:47:32.335 [main] INFO  o.s.d.r.config.RepositoryConfigurationDelegate - Finished Spring Data repository scanning in 11 ms. Found 0 Redis repository interfaces.
2024-11-21 22:47:32.793 [main] INFO  o.s.boot.web.embedded.tomcat.TomcatWebServer - Tomcat initialized with port 8080 (http)
2024-11-21 22:47:32.794 [main] INFO  org.apache.catalina.core.AprLifecycleListener - An older version [1.3.1] of the Apache Tomcat Native library is installed, while Tomcat recommends a minimum version of [2.0.5]
2024-11-21 22:47:32.794 [main] INFO  org.apache.catalina.core.AprLifecycleListener - Loaded Apache Tomcat Native library [1.3.1] using APR version [1.7.4].
2024-11-21 22:47:32.797 [main] INFO  org.apache.catalina.core.AprLifecycleListener - OpenSSL successfully initialized [OpenSSL 3.0.14 4 Jun 2024]
2024-11-21 22:47:32.800 [main] INFO  org.apache.coyote.http11.Http11NioProtocol - Initializing ProtocolHandler ["http-nio-8080"]
2024-11-21 22:47:32.804 [main] INFO  org.apache.catalina.core.StandardService - Starting service [Tomcat]
2024-11-21 22:47:32.804 [main] INFO  org.apache.catalina.core.StandardEngine - Starting Servlet engine: [Apache Tomcat/10.1.30]
2024-11-21 22:47:32.835 [main] INFO  o.a.c.core.ContainerBase.[Tomcat].[localhost].[/] - Initializing Spring embedded WebApplicationContext
2024-11-21 22:47:32.837 [main] INFO  o.s.b.w.s.c.ServletWebServerApplicationContext - Root WebApplicationContext: initialization completed in 1006 ms
2024-11-21 22:47:33.842 [main] INFO  o.s.b.actuate.endpoint.web.EndpointLinksResolver - Exposing 14 endpoints beneath base path '/actuator'
2024-11-21 22:47:33.874 [main] INFO  org.apache.coyote.http11.Http11NioProtocol - Starting ProtocolHandler ["http-nio-8080"]
2024-11-21 22:47:33.886 [main] INFO  o.s.boot.web.embedded.tomcat.TomcatWebServer - Tomcat started on port 8080 (http) with context path '/'
2024-11-21 22:47:33.893 [main] INFO  c.e.x.j.productdemoaop.ProductDemoAOPApplication - Started ProductDemoAOPApplication in 2.328 seconds (process running for 2.835)
2024-11-21 22:47:34.261 [RMI TCP Connection(2)-192.168.222.1] INFO  o.a.c.core.ContainerBase.[Tomcat].[localhost].[/] - Initializing Spring DispatcherServlet 'dispatcherServlet'
2024-11-21 22:47:34.261 [RMI TCP Connection(2)-192.168.222.1] INFO  org.springframework.web.servlet.DispatcherServlet - Initializing Servlet 'dispatcherServlet'
2024-11-21 22:47:34.262 [RMI TCP Connection(2)-192.168.222.1] INFO  org.springframework.web.servlet.DispatcherServlet - Completed initialization in 1 ms
2024-11-21 22:47:34.279 [RMI TCP Connection(3)-192.168.222.1] INFO  com.alibaba.druid.pool.DruidDataSource - {dataSource-1} inited
2024-11-21 22:47:40.313 [boundedElastic-1] WARN  o.s.b.a.data.redis.RedisReactiveHealthIndicator - Redis health check failed
org.springframework.data.redis.RedisConnectionFailureException: Unable to connect to Redis
	at org.springframework.data.redis.connection.lettuce.LettuceConnectionFactory$ExceptionTranslatingConnectionProvider.translateException(LettuceConnectionFactory.java:1849)
	at org.springframework.data.redis.connection.lettuce.LettuceConnectionFactory$ExceptionTranslatingConnectionProvider.getConnection(LettuceConnectionFactory.java:1780)
	at org.springframework.data.redis.connection.lettuce.LettuceConnectionFactory$SharedConnection.getNativeConnection(LettuceConnectionFactory.java:1582)
	at org.springframework.data.redis.connection.lettuce.LettuceConnectionFactory$SharedConnection.lambda$getConnection$0(LettuceConnectionFactory.java:1562)
	at org.springframework.data.redis.connection.lettuce.LettuceConnectionFactory.doInLock(LettuceConnectionFactory.java:1523)
	at org.springframework.data.redis.connection.lettuce.LettuceConnectionFactory$SharedConnection.getConnection(LettuceConnectionFactory.java:1559)
	at org.springframework.data.redis.connection.lettuce.LettuceConnectionFactory.getSharedReactiveConnection(LettuceConnectionFactory.java:1270)
	at org.springframework.data.redis.connection.lettuce.LettuceConnectionFactory.getReactiveConnection(LettuceConnectionFactory.java:1145)
	at org.springframework.data.redis.connection.lettuce.LettuceConnectionFactory.getReactiveConnection(LettuceConnectionFactory.java:118)
	at reactor.core.publisher.MonoSupplier.call(MonoSupplier.java:67)
	at reactor.core.publisher.FluxSubscribeOnCallable$CallableSubscribeOnSubscription.run(FluxSubscribeOnCallable.java:228)
	at reactor.core.scheduler.SchedulerTask.call(SchedulerTask.java:68)
	at reactor.core.scheduler.SchedulerTask.call(SchedulerTask.java:28)
	at java.base/java.util.concurrent.FutureTask.run(FutureTask.java:264)
	at java.base/java.util.concurrent.ScheduledThreadPoolExecutor$ScheduledFutureTask.run(ScheduledThreadPoolExecutor.java:304)
	at java.base/java.util.concurrent.ThreadPoolExecutor.runWorker(ThreadPoolExecutor.java:1136)
	at java.base/java.util.concurrent.ThreadPoolExecutor$Worker.run(ThreadPoolExecutor.java:635)
	at java.base/java.lang.Thread.run(Thread.java:840)
Caused by: io.lettuce.core.RedisConnectionException: Unable to connect to 1.9.139.121/<unresolved>:6379
	at io.lettuce.core.RedisConnectionException.create(RedisConnectionException.java:78)
	at io.lettuce.core.RedisConnectionException.create(RedisConnectionException.java:56)
	at io.lettuce.core.AbstractRedisClient.getConnection(AbstractRedisClient.java:350)
	at io.lettuce.core.RedisClient.connect(RedisClient.java:215)
	at org.springframework.data.redis.connection.lettuce.StandaloneConnectionProvider.lambda$getConnection$1(StandaloneConnectionProvider.java:112)
	at java.base/java.util.Optional.orElseGet(Optional.java:364)
	at org.springframework.data.redis.connection.lettuce.StandaloneConnectionProvider.getConnection(StandaloneConnectionProvider.java:112)
	at org.springframework.data.redis.connection.lettuce.LettuceConnectionFactory$ExceptionTranslatingConnectionProvider.getConnection(LettuceConnectionFactory.java:1778)
	... 16 common frames omitted
Caused by: java.nio.channels.ClosedChannelException: null
	at io.netty.channel.nio.AbstractNioChannel.doClose(AbstractNioChannel.java:507)
	at io.netty.channel.socket.nio.NioSocketChannel.doClose(NioSocketChannel.java:348)
	at io.netty.channel.AbstractChannel$AbstractUnsafe.doClose0(AbstractChannel.java:752)
	at io.netty.channel.AbstractChannel$AbstractUnsafe.close(AbstractChannel.java:729)
	at io.netty.channel.AbstractChannel$AbstractUnsafe.close(AbstractChannel.java:619)
	at io.netty.channel.DefaultChannelPipeline$HeadContext.close(DefaultChannelPipeline.java:1299)
	at io.netty.channel.AbstractChannelHandlerContext.invokeClose(AbstractChannelHandlerContext.java:755)
	at io.netty.channel.AbstractChannelHandlerContext.access$1200(AbstractChannelHandlerContext.java:61)
	at io.netty.channel.AbstractChannelHandlerContext$11.run(AbstractChannelHandlerContext.java:738)
	at io.netty.util.concurrent.AbstractEventExecutor.runTask(AbstractEventExecutor.java:173)
	at io.netty.util.concurrent.AbstractEventExecutor.safeExecute(AbstractEventExecutor.java:166)
	at io.netty.util.concurrent.SingleThreadEventExecutor.runAllTasks(SingleThreadEventExecutor.java:472)
	at io.netty.channel.nio.NioEventLoop.run(NioEventLoop.java:569)
	at io.netty.util.concurrent.SingleThreadEventExecutor$4.run(SingleThreadEventExecutor.java:997)
	at io.netty.util.internal.ThreadExecutorMap$2.run(ThreadExecutorMap.java:74)
	at io.netty.util.concurrent.FastThreadLocalRunnable.run(FastThreadLocalRunnable.java:30)
	... 1 common frames omitted
2024-11-21 22:50:40.262 [background-preinit] INFO  org.hibernate.validator.internal.util.Version - HV000001: Hibernate Validator 8.0.1.Final
2024-11-21 22:50:40.286 [main] INFO  c.e.x.j.productdemoaop.ProductDemoAOPApplication - Starting ProductDemoAOPApplication using Java 17.0.12 with PID 39204 (D:\文档\WORD\大学\JavaEE\JavaEE-2-4\Exp6\7.SpringAOP\productdemoaop\target\classes started by X-BELIEVER in D:\文档\WORD\大学\JavaEE\JavaEE-2-4\Exp6\7.SpringAOP)
2024-11-21 22:50:40.287 [main] DEBUG c.e.x.j.productdemoaop.ProductDemoAOPApplication - Running with Spring Boot v3.3.4, Spring v6.1.13
2024-11-21 22:50:40.287 [main] INFO  c.e.x.j.productdemoaop.ProductDemoAOPApplication - No active profile set, falling back to 1 default profile: "default"
2024-11-21 22:50:40.799 [main] INFO  o.s.d.r.config.RepositoryConfigurationDelegate - Multiple Spring Data modules found, entering strict repository configuration mode
2024-11-21 22:50:40.801 [main] INFO  o.s.d.r.config.RepositoryConfigurationDelegate - Bootstrapping Spring Data Redis repositories in DEFAULT mode.
2024-11-21 22:50:40.819 [main] INFO  o.s.d.r.config.RepositoryConfigurationDelegate - Finished Spring Data repository scanning in 11 ms. Found 0 Redis repository interfaces.
2024-11-21 22:50:41.286 [main] INFO  o.s.boot.web.embedded.tomcat.TomcatWebServer - Tomcat initialized with port 8080 (http)
2024-11-21 22:50:41.289 [main] INFO  org.apache.catalina.core.AprLifecycleListener - An older version [1.3.1] of the Apache Tomcat Native library is installed, while Tomcat recommends a minimum version of [2.0.5]
2024-11-21 22:50:41.289 [main] INFO  org.apache.catalina.core.AprLifecycleListener - Loaded Apache Tomcat Native library [1.3.1] using APR version [1.7.4].
2024-11-21 22:50:41.290 [main] INFO  org.apache.catalina.core.AprLifecycleListener - OpenSSL successfully initialized [OpenSSL 3.0.14 4 Jun 2024]
2024-11-21 22:50:41.295 [main] INFO  org.apache.coyote.http11.Http11NioProtocol - Initializing ProtocolHandler ["http-nio-8080"]
2024-11-21 22:50:41.297 [main] INFO  org.apache.catalina.core.StandardService - Starting service [Tomcat]
2024-11-21 22:50:41.297 [main] INFO  org.apache.catalina.core.StandardEngine - Starting Servlet engine: [Apache Tomcat/10.1.30]
2024-11-21 22:50:41.329 [main] INFO  o.a.c.core.ContainerBase.[Tomcat].[localhost].[/] - Initializing Spring embedded WebApplicationContext
2024-11-21 22:50:41.329 [main] INFO  o.s.b.w.s.c.ServletWebServerApplicationContext - Root WebApplicationContext: initialization completed in 1011 ms
2024-11-21 22:50:42.375 [main] INFO  o.s.b.actuate.endpoint.web.EndpointLinksResolver - Exposing 14 endpoints beneath base path '/actuator'
2024-11-21 22:50:42.411 [main] INFO  org.apache.coyote.http11.Http11NioProtocol - Starting ProtocolHandler ["http-nio-8080"]
2024-11-21 22:50:42.424 [main] INFO  o.s.boot.web.embedded.tomcat.TomcatWebServer - Tomcat started on port 8080 (http) with context path '/'
2024-11-21 22:50:42.433 [main] INFO  c.e.x.j.productdemoaop.ProductDemoAOPApplication - Started ProductDemoAOPApplication in 2.381 seconds (process running for 2.878)
2024-11-21 22:50:42.738 [RMI TCP Connection(3)-192.168.222.1] INFO  o.a.c.core.ContainerBase.[Tomcat].[localhost].[/] - Initializing Spring DispatcherServlet 'dispatcherServlet'
2024-11-21 22:50:42.738 [RMI TCP Connection(3)-192.168.222.1] INFO  org.springframework.web.servlet.DispatcherServlet - Initializing Servlet 'dispatcherServlet'
2024-11-21 22:50:42.739 [RMI TCP Connection(3)-192.168.222.1] INFO  org.springframework.web.servlet.DispatcherServlet - Completed initialization in 1 ms
2024-11-21 22:50:42.760 [RMI TCP Connection(2)-192.168.222.1] INFO  com.alibaba.druid.pool.DruidDataSource - {dataSource-1} inited
2024-11-21 22:51:03.560 [http-nio-8080-exec-1] DEBUG c.e.x.j.p.controller.ProductController - getProductById: id = 5440
2024-11-21 22:51:03.563 [http-nio-8080-exec-1] ERROR o.a.c.c.C.[.[localhost].[/].[dispatcherServlet] - Servlet.service() for servlet [dispatcherServlet] in context with path [] threw exception [Request processing failed: java.lang.NullPointerException: Cannot invoke "org.springframework.data.redis.core.RedisTemplate.opsForValue()" because "this.redisTemplate" is null] with root cause
java.lang.NullPointerException: Cannot invoke "org.springframework.data.redis.core.RedisTemplate.opsForValue()" because "this.redisTemplate" is null
	at cn.edu.xmu.javaee.productdemoaop.controller.ProductController.getProductById(ProductController.java:60)
	at java.base/jdk.internal.reflect.NativeMethodAccessorImpl.invoke0(Native Method)
	at java.base/jdk.internal.reflect.NativeMethodAccessorImpl.invoke(NativeMethodAccessorImpl.java:77)
	at java.base/jdk.internal.reflect.DelegatingMethodAccessorImpl.invoke(DelegatingMethodAccessorImpl.java:43)
	at java.base/java.lang.reflect.Method.invoke(Method.java:568)
	at org.springframework.aop.support.AopUtils.invokeJoinpointUsingReflection(AopUtils.java:355)
	at org.springframework.aop.framework.ReflectiveMethodInvocation.invokeJoinpoint(ReflectiveMethodInvocation.java:196)
	at org.springframework.aop.framework.ReflectiveMethodInvocation.proceed(ReflectiveMethodInvocation.java:163)
	at org.springframework.aop.framework.CglibAopProxy$CglibMethodInvocation.proceed(CglibAopProxy.java:768)
	at org.springframework.aop.aspectj.MethodInvocationProceedingJoinPoint.proceed(MethodInvocationProceedingJoinPoint.java:102)
	at cn.edu.xmu.javaee.core.aop.ControllerAspect.doAround(ControllerAspect.java:63)
	at java.base/jdk.internal.reflect.NativeMethodAccessorImpl.invoke0(Native Method)
	at java.base/jdk.internal.reflect.NativeMethodAccessorImpl.invoke(NativeMethodAccessorImpl.java:77)
	at java.base/jdk.internal.reflect.DelegatingMethodAccessorImpl.invoke(DelegatingMethodAccessorImpl.java:43)
	at java.base/java.lang.reflect.Method.invoke(Method.java:568)
	at org.springframework.aop.aspectj.AbstractAspectJAdvice.invokeAdviceMethodWithGivenArgs(AbstractAspectJAdvice.java:637)
	at org.springframework.aop.aspectj.AbstractAspectJAdvice.invokeAdviceMethod(AbstractAspectJAdvice.java:627)
	at org.springframework.aop.aspectj.AspectJAroundAdvice.invoke(AspectJAroundAdvice.java:71)
	at org.springframework.aop.framework.ReflectiveMethodInvocation.proceed(ReflectiveMethodInvocation.java:184)
	at org.springframework.aop.framework.CglibAopProxy$CglibMethodInvocation.proceed(CglibAopProxy.java:768)
	at org.springframework.aop.interceptor.ExposeInvocationInterceptor.invoke(ExposeInvocationInterceptor.java:97)
	at org.springframework.aop.framework.ReflectiveMethodInvocation.proceed(ReflectiveMethodInvocation.java:184)
	at org.springframework.aop.framework.CglibAopProxy$CglibMethodInvocation.proceed(CglibAopProxy.java:768)
	at org.springframework.aop.framework.CglibAopProxy$DynamicAdvisedInterceptor.intercept(CglibAopProxy.java:720)
	at cn.edu.xmu.javaee.productdemoaop.controller.ProductController$$SpringCGLIB$$0.getProductById(<generated>)
	at java.base/jdk.internal.reflect.NativeMethodAccessorImpl.invoke0(Native Method)
	at java.base/jdk.internal.reflect.NativeMethodAccessorImpl.invoke(NativeMethodAccessorImpl.java:77)
	at java.base/jdk.internal.reflect.DelegatingMethodAccessorImpl.invoke(DelegatingMethodAccessorImpl.java:43)
	at java.base/java.lang.reflect.Method.invoke(Method.java:568)
	at org.springframework.web.method.support.InvocableHandlerMethod.doInvoke(InvocableHandlerMethod.java:255)
	at org.springframework.web.method.support.InvocableHandlerMethod.invokeForRequest(InvocableHandlerMethod.java:188)
	at org.springframework.web.servlet.mvc.method.annotation.ServletInvocableHandlerMethod.invokeAndHandle(ServletInvocableHandlerMethod.java:118)
	at org.springframework.web.servlet.mvc.method.annotation.RequestMappingHandlerAdapter.invokeHandlerMethod(RequestMappingHandlerAdapter.java:926)
	at org.springframework.web.servlet.mvc.method.annotation.RequestMappingHandlerAdapter.handleInternal(RequestMappingHandlerAdapter.java:831)
	at org.springframework.web.servlet.mvc.method.AbstractHandlerMethodAdapter.handle(AbstractHandlerMethodAdapter.java:87)
	at org.springframework.web.servlet.DispatcherServlet.doDispatch(DispatcherServlet.java:1089)
	at org.springframework.web.servlet.DispatcherServlet.doService(DispatcherServlet.java:979)
	at org.springframework.web.servlet.FrameworkServlet.processRequest(FrameworkServlet.java:1014)
	at org.springframework.web.servlet.FrameworkServlet.doGet(FrameworkServlet.java:903)
	at jakarta.servlet.http.HttpServlet.service(HttpServlet.java:564)
	at org.springframework.web.servlet.FrameworkServlet.service(FrameworkServlet.java:885)
	at jakarta.servlet.http.HttpServlet.service(HttpServlet.java:658)
	at org.apache.catalina.core.ApplicationFilterChain.internalDoFilter(ApplicationFilterChain.java:195)
	at org.apache.catalina.core.ApplicationFilterChain.doFilter(ApplicationFilterChain.java:140)
	at org.apache.tomcat.websocket.server.WsFilter.doFilter(WsFilter.java:51)
	at org.apache.catalina.core.ApplicationFilterChain.internalDoFilter(ApplicationFilterChain.java:164)
	at org.apache.catalina.core.ApplicationFilterChain.doFilter(ApplicationFilterChain.java:140)
	at org.springframework.web.filter.RequestContextFilter.doFilterInternal(RequestContextFilter.java:100)
	at org.springframework.web.filter.OncePerRequestFilter.doFilter(OncePerRequestFilter.java:116)
	at org.apache.catalina.core.ApplicationFilterChain.internalDoFilter(ApplicationFilterChain.java:164)
	at org.apache.catalina.core.ApplicationFilterChain.doFilter(ApplicationFilterChain.java:140)
	at org.springframework.web.filter.FormContentFilter.doFilterInternal(FormContentFilter.java:93)
	at org.springframework.web.filter.OncePerRequestFilter.doFilter(OncePerRequestFilter.java:116)
	at org.apache.catalina.core.ApplicationFilterChain.internalDoFilter(ApplicationFilterChain.java:164)
	at org.apache.catalina.core.ApplicationFilterChain.doFilter(ApplicationFilterChain.java:140)
	at org.springframework.web.filter.ServerHttpObservationFilter.doFilterInternal(ServerHttpObservationFilter.java:113)
	at org.springframework.web.filter.OncePerRequestFilter.doFilter(OncePerRequestFilter.java:116)
	at org.apache.catalina.core.ApplicationFilterChain.internalDoFilter(ApplicationFilterChain.java:164)
	at org.apache.catalina.core.ApplicationFilterChain.doFilter(ApplicationFilterChain.java:140)
	at org.springframework.web.filter.CharacterEncodingFilter.doFilterInternal(CharacterEncodingFilter.java:201)
	at org.springframework.web.filter.OncePerRequestFilter.doFilter(OncePerRequestFilter.java:116)
	at org.apache.catalina.core.ApplicationFilterChain.internalDoFilter(ApplicationFilterChain.java:164)
	at org.apache.catalina.core.ApplicationFilterChain.doFilter(ApplicationFilterChain.java:140)
	at org.apache.catalina.core.StandardWrapperValve.invoke(StandardWrapperValve.java:167)
	at org.apache.catalina.core.StandardContextValve.invoke(StandardContextValve.java:90)
	at org.apache.catalina.authenticator.AuthenticatorBase.invoke(AuthenticatorBase.java:483)
	at org.apache.catalina.core.StandardHostValve.invoke(StandardHostValve.java:115)
	at org.apache.catalina.valves.ErrorReportValve.invoke(ErrorReportValve.java:93)
	at org.apache.catalina.core.StandardEngineValve.invoke(StandardEngineValve.java:74)
	at org.apache.catalina.connector.CoyoteAdapter.service(CoyoteAdapter.java:344)
	at org.apache.coyote.http11.Http11Processor.service(Http11Processor.java:384)
	at org.apache.coyote.AbstractProcessorLight.process(AbstractProcessorLight.java:63)
	at org.apache.coyote.AbstractProtocol$ConnectionHandler.process(AbstractProtocol.java:905)
	at org.apache.tomcat.util.net.NioEndpoint$SocketProcessor.doRun(NioEndpoint.java:1741)
	at org.apache.tomcat.util.net.SocketProcessorBase.run(SocketProcessorBase.java:52)
	at org.apache.tomcat.util.threads.ThreadPoolExecutor.runWorker(ThreadPoolExecutor.java:1190)
	at org.apache.tomcat.util.threads.ThreadPoolExecutor$Worker.run(ThreadPoolExecutor.java:659)
	at org.apache.tomcat.util.threads.TaskThread$WrappingRunnable.run(TaskThread.java:63)
	at java.base/java.lang.Thread.run(Thread.java:840)
2024-11-21 22:56:31.276 [background-preinit] INFO  org.hibernate.validator.internal.util.Version - HV000001: Hibernate Validator 8.0.1.Final
2024-11-21 22:56:31.302 [main] INFO  c.e.x.j.productdemoaop.ProductDemoAOPApplication - Starting ProductDemoAOPApplication using Java 17.0.12 with PID 32812 (D:\文档\WORD\大学\JavaEE\JavaEE-2-4\Exp6\7.SpringAOP\productdemoaop\target\classes started by X-BELIEVER in D:\文档\WORD\大学\JavaEE\JavaEE-2-4\Exp6\7.SpringAOP)
2024-11-21 22:56:31.302 [main] DEBUG c.e.x.j.productdemoaop.ProductDemoAOPApplication - Running with Spring Boot v3.3.4, Spring v6.1.13
2024-11-21 22:56:31.303 [main] INFO  c.e.x.j.productdemoaop.ProductDemoAOPApplication - No active profile set, falling back to 1 default profile: "default"
2024-11-21 22:56:31.827 [main] INFO  o.s.d.r.config.RepositoryConfigurationDelegate - Multiple Spring Data modules found, entering strict repository configuration mode
2024-11-21 22:56:31.830 [main] INFO  o.s.d.r.config.RepositoryConfigurationDelegate - Bootstrapping Spring Data Redis repositories in DEFAULT mode.
2024-11-21 22:56:31.859 [main] INFO  o.s.d.r.config.RepositoryConfigurationDelegate - Finished Spring Data repository scanning in 17 ms. Found 0 Redis repository interfaces.
2024-11-21 22:56:32.351 [main] INFO  o.s.boot.web.embedded.tomcat.TomcatWebServer - Tomcat initialized with port 8080 (http)
2024-11-21 22:56:32.352 [main] INFO  org.apache.catalina.core.AprLifecycleListener - An older version [1.3.1] of the Apache Tomcat Native library is installed, while Tomcat recommends a minimum version of [2.0.5]
2024-11-21 22:56:32.353 [main] INFO  org.apache.catalina.core.AprLifecycleListener - Loaded Apache Tomcat Native library [1.3.1] using APR version [1.7.4].
2024-11-21 22:56:32.355 [main] INFO  org.apache.catalina.core.AprLifecycleListener - OpenSSL successfully initialized [OpenSSL 3.0.14 4 Jun 2024]
2024-11-21 22:56:32.361 [main] INFO  org.apache.coyote.http11.Http11NioProtocol - Initializing ProtocolHandler ["http-nio-8080"]
2024-11-21 22:56:32.363 [main] INFO  org.apache.catalina.core.StandardService - Starting service [Tomcat]
2024-11-21 22:56:32.363 [main] INFO  org.apache.catalina.core.StandardEngine - Starting Servlet engine: [Apache Tomcat/10.1.30]
2024-11-21 22:56:32.403 [main] INFO  o.a.c.core.ContainerBase.[Tomcat].[localhost].[/] - Initializing Spring embedded WebApplicationContext
2024-11-21 22:56:32.403 [main] INFO  o.s.b.w.s.c.ServletWebServerApplicationContext - Root WebApplicationContext: initialization completed in 1069 ms
2024-11-21 22:56:32.733 [main] WARN  o.s.b.w.s.c.AnnotationConfigServletWebServerApplicationContext - Exception encountered during context initialization - cancelling refresh attempt: org.springframework.beans.factory.UnsatisfiedDependencyException: Error creating bean with name 'productController': Unsatisfied dependency expressed through field 'redisTemplate': No qualifying bean of type 'org.springframework.data.redis.core.RedisTemplate<java.lang.String, cn.edu.xmu.javaee.productdemoaop.controller.dto.ProductDto>' available: expected at least 1 bean which qualifies as autowire candidate. Dependency annotations: {@org.springframework.beans.factory.annotation.Autowired(required=true)}
2024-11-21 22:56:32.734 [main] INFO  com.alibaba.druid.pool.DruidDataSource - {dataSource-0} closing ...
2024-11-21 22:56:32.735 [main] INFO  org.apache.catalina.core.StandardService - Stopping service [Tomcat]
2024-11-21 22:56:32.756 [main] INFO  o.s.b.a.logging.ConditionEvaluationReportLogger - 

Error starting ApplicationContext. To display the condition evaluation report re-run your application with 'debug' enabled.
2024-11-21 22:56:32.771 [main] ERROR o.s.b.diagnostics.LoggingFailureAnalysisReporter - 

***************************
APPLICATION FAILED TO START
***************************

Description:

Field redisTemplate in cn.edu.xmu.javaee.productdemoaop.controller.ProductController required a bean of type 'org.springframework.data.redis.core.RedisTemplate' that could not be found.

The injection point has the following annotations:
	- @org.springframework.beans.factory.annotation.Autowired(required=true)


Action:

Consider defining a bean of type 'org.springframework.data.redis.core.RedisTemplate' in your configuration.

2024-11-21 23:05:21.570 [background-preinit] INFO  org.hibernate.validator.internal.util.Version - HV000001: Hibernate Validator 8.0.1.Final
2024-11-21 23:05:21.592 [main] INFO  c.e.x.j.productdemoaop.ProductDemoAOPApplication - Starting ProductDemoAOPApplication using Java 17.0.12 with PID 49328 (D:\文档\WORD\大学\JavaEE\JavaEE-2-4\Exp6\7.SpringAOP\productdemoaop\target\classes started by X-BELIEVER in D:\文档\WORD\大学\JavaEE\JavaEE-2-4\Exp6\7.SpringAOP)
2024-11-21 23:05:21.593 [main] DEBUG c.e.x.j.productdemoaop.ProductDemoAOPApplication - Running with Spring Boot v3.3.4, Spring v6.1.13
2024-11-21 23:05:21.593 [main] INFO  c.e.x.j.productdemoaop.ProductDemoAOPApplication - No active profile set, falling back to 1 default profile: "default"
2024-11-21 23:05:22.089 [main] INFO  o.s.d.r.config.RepositoryConfigurationDelegate - Multiple Spring Data modules found, entering strict repository configuration mode
2024-11-21 23:05:22.090 [main] INFO  o.s.d.r.config.RepositoryConfigurationDelegate - Bootstrapping Spring Data Redis repositories in DEFAULT mode.
2024-11-21 23:05:22.110 [main] INFO  o.s.d.r.config.RepositoryConfigurationDelegate - Finished Spring Data repository scanning in 11 ms. Found 0 Redis repository interfaces.
2024-11-21 23:05:22.567 [main] INFO  o.s.boot.web.embedded.tomcat.TomcatWebServer - Tomcat initialized with port 8080 (http)
2024-11-21 23:05:22.569 [main] INFO  org.apache.catalina.core.AprLifecycleListener - An older version [1.3.1] of the Apache Tomcat Native library is installed, while Tomcat recommends a minimum version of [2.0.5]
2024-11-21 23:05:22.569 [main] INFO  org.apache.catalina.core.AprLifecycleListener - Loaded Apache Tomcat Native library [1.3.1] using APR version [1.7.4].
2024-11-21 23:05:22.571 [main] INFO  org.apache.catalina.core.AprLifecycleListener - OpenSSL successfully initialized [OpenSSL 3.0.14 4 Jun 2024]
2024-11-21 23:05:22.575 [main] INFO  org.apache.coyote.http11.Http11NioProtocol - Initializing ProtocolHandler ["http-nio-8080"]
2024-11-21 23:05:22.577 [main] INFO  org.apache.catalina.core.StandardService - Starting service [Tomcat]
2024-11-21 23:05:22.577 [main] INFO  org.apache.catalina.core.StandardEngine - Starting Servlet engine: [Apache Tomcat/10.1.30]
2024-11-21 23:05:22.609 [main] INFO  o.a.c.core.ContainerBase.[Tomcat].[localhost].[/] - Initializing Spring embedded WebApplicationContext
2024-11-21 23:05:22.610 [main] INFO  o.s.b.w.s.c.ServletWebServerApplicationContext - Root WebApplicationContext: initialization completed in 989 ms
2024-11-21 23:05:23.657 [main] INFO  o.s.b.actuate.endpoint.web.EndpointLinksResolver - Exposing 14 endpoints beneath base path '/actuator'
2024-11-21 23:05:23.691 [main] INFO  org.apache.coyote.http11.Http11NioProtocol - Starting ProtocolHandler ["http-nio-8080"]
2024-11-21 23:05:23.708 [main] INFO  o.s.boot.web.embedded.tomcat.TomcatWebServer - Tomcat started on port 8080 (http) with context path '/'
2024-11-21 23:05:23.717 [main] INFO  c.e.x.j.productdemoaop.ProductDemoAOPApplication - Started ProductDemoAOPApplication in 2.345 seconds (process running for 2.827)
2024-11-21 23:05:24.047 [RMI TCP Connection(1)-192.168.222.1] INFO  o.a.c.core.ContainerBase.[Tomcat].[localhost].[/] - Initializing Spring DispatcherServlet 'dispatcherServlet'
2024-11-21 23:05:24.047 [RMI TCP Connection(1)-192.168.222.1] INFO  org.springframework.web.servlet.DispatcherServlet - Initializing Servlet 'dispatcherServlet'
2024-11-21 23:05:24.048 [RMI TCP Connection(1)-192.168.222.1] INFO  org.springframework.web.servlet.DispatcherServlet - Completed initialization in 1 ms
2024-11-21 23:05:24.066 [RMI TCP Connection(2)-192.168.222.1] INFO  com.alibaba.druid.pool.DruidDataSource - {dataSource-1} inited
2024-11-21 23:05:31.306 [http-nio-8080-exec-1] DEBUG c.e.x.j.p.controller.ProductController - getProductById: id = 5440
2024-11-21 23:05:31.523 [http-nio-8080-exec-1] INFO  c.e.x.j.p.controller.ProductController - Cache miss for product ID: 5440
2024-11-21 23:05:31.574 [http-nio-8080-exec-1] DEBUG c.e.x.javaee.productdemoaop.service.ProductService - findProductById: id = 5440, all = true
2024-11-21 23:05:31.589 [http-nio-8080-exec-1] DEBUG c.e.x.j.p.m.g.ProductPoMapper.selectByPrimaryKey - ==>  Preparing: select `id`, `shop_id`, `goods_id`, `category_id`, `template_id`, `sku_sn`, `name`, `original_price`, `weight`, `barcode`, `unit`, `origin_place`, `creator_id`, `creator_name`, `modifier_id`, `modifier_name`, `gmt_create`, `gmt_modified`, `status`, `commission_ratio`, `shop_logistic_id`, `free_threshold` from goods_product where `id` = ?
2024-11-21 23:05:31.598 [http-nio-8080-exec-1] DEBUG c.e.x.j.p.m.g.ProductPoMapper.selectByPrimaryKey - ==> Parameters: 5440(Long)
2024-11-21 23:05:31.655 [http-nio-8080-exec-1] DEBUG c.e.x.j.p.m.g.ProductPoMapper.selectByPrimaryKey - <==      Total: 1
2024-11-21 23:05:31.664 [http-nio-8080-exec-1] DEBUG c.e.x.j.p.m.g.OnSalePoMapper.selectByExample - ==>  Preparing: SELECT `id`, `shop_id`, `product_id`, `price`, `begin_time`, `end_time`, `quantity`, `type`, `creator_id`, `creator_name`, `modifier_id`, `modifier_name`, `gmt_create`, `gmt_modified`, `max_quantity`, `invalid` FROM goods_onsale WHERE ((`product_id` = ? and `begin_time` <= ? and `end_time` >= ?)) ORDER BY end_time DESC
2024-11-21 23:05:31.664 [http-nio-8080-exec-1] DEBUG c.e.x.j.p.m.g.OnSalePoMapper.selectByExample - ==> Parameters: 5440(Long), 2024-11-21T23:05:31.657852500(LocalDateTime), 2024-11-21T23:05:31.657852500(LocalDateTime)
2024-11-21 23:05:31.717 [http-nio-8080-exec-1] DEBUG c.e.x.j.p.m.g.OnSalePoMapper.selectByExample - <==      Total: 1
2024-11-21 23:05:31.723 [http-nio-8080-exec-1] DEBUG c.e.x.j.p.m.g.ProductPoMapper.selectByExample - ==>  Preparing: SELECT `id`, `shop_id`, `goods_id`, `category_id`, `template_id`, `sku_sn`, `name`, `original_price`, `weight`, `barcode`, `unit`, `origin_place`, `creator_id`, `creator_name`, `modifier_id`, `modifier_name`, `gmt_create`, `gmt_modified`, `status`, `commission_ratio`, `shop_logistic_id`, `free_threshold` FROM goods_product WHERE ((`goods_id` = ? and `id` <> ?))
2024-11-21 23:05:31.723 [http-nio-8080-exec-1] DEBUG c.e.x.j.p.m.g.ProductPoMapper.selectByExample - ==> Parameters: 51(Long), 5440(Long)
2024-11-21 23:05:31.776 [http-nio-8080-exec-1] DEBUG c.e.x.j.p.m.g.ProductPoMapper.selectByExample - <==      Total: 10
2024-11-21 23:05:31.876 [http-nio-8080-exec-1] ERROR o.a.c.c.C.[.[localhost].[/].[dispatcherServlet] - Servlet.service() for servlet [dispatcherServlet] in context with path [] threw exception [Request processing failed: java.lang.ClassCastException: class cn.edu.xmu.javaee.productdemoaop.controller.dto.ProductDto cannot be cast to class java.io.Serializable (cn.edu.xmu.javaee.productdemoaop.controller.dto.ProductDto is in unnamed module of loader 'app'; java.io.Serializable is in module java.base of loader 'bootstrap')] with root cause
java.lang.ClassCastException: class cn.edu.xmu.javaee.productdemoaop.controller.dto.ProductDto cannot be cast to class java.io.Serializable (cn.edu.xmu.javaee.productdemoaop.controller.dto.ProductDto is in unnamed module of loader 'app'; java.io.Serializable is in module java.base of loader 'bootstrap')
	at cn.edu.xmu.javaee.productdemoaop.controller.ProductController.getProductById(ProductController.java:87)
	at java.base/jdk.internal.reflect.NativeMethodAccessorImpl.invoke0(Native Method)
	at java.base/jdk.internal.reflect.NativeMethodAccessorImpl.invoke(NativeMethodAccessorImpl.java:77)
	at java.base/jdk.internal.reflect.DelegatingMethodAccessorImpl.invoke(DelegatingMethodAccessorImpl.java:43)
	at java.base/java.lang.reflect.Method.invoke(Method.java:568)
	at org.springframework.aop.support.AopUtils.invokeJoinpointUsingReflection(AopUtils.java:355)
	at org.springframework.aop.framework.ReflectiveMethodInvocation.invokeJoinpoint(ReflectiveMethodInvocation.java:196)
	at org.springframework.aop.framework.ReflectiveMethodInvocation.proceed(ReflectiveMethodInvocation.java:163)
	at org.springframework.aop.framework.CglibAopProxy$CglibMethodInvocation.proceed(CglibAopProxy.java:768)
	at org.springframework.aop.aspectj.MethodInvocationProceedingJoinPoint.proceed(MethodInvocationProceedingJoinPoint.java:102)
	at cn.edu.xmu.javaee.core.aop.ControllerAspect.doAround(ControllerAspect.java:63)
	at java.base/jdk.internal.reflect.NativeMethodAccessorImpl.invoke0(Native Method)
	at java.base/jdk.internal.reflect.NativeMethodAccessorImpl.invoke(NativeMethodAccessorImpl.java:77)
	at java.base/jdk.internal.reflect.DelegatingMethodAccessorImpl.invoke(DelegatingMethodAccessorImpl.java:43)
	at java.base/java.lang.reflect.Method.invoke(Method.java:568)
	at org.springframework.aop.aspectj.AbstractAspectJAdvice.invokeAdviceMethodWithGivenArgs(AbstractAspectJAdvice.java:637)
	at org.springframework.aop.aspectj.AbstractAspectJAdvice.invokeAdviceMethod(AbstractAspectJAdvice.java:627)
	at org.springframework.aop.aspectj.AspectJAroundAdvice.invoke(AspectJAroundAdvice.java:71)
	at org.springframework.aop.framework.ReflectiveMethodInvocation.proceed(ReflectiveMethodInvocation.java:184)
	at org.springframework.aop.framework.CglibAopProxy$CglibMethodInvocation.proceed(CglibAopProxy.java:768)
	at org.springframework.aop.interceptor.ExposeInvocationInterceptor.invoke(ExposeInvocationInterceptor.java:97)
	at org.springframework.aop.framework.ReflectiveMethodInvocation.proceed(ReflectiveMethodInvocation.java:184)
	at org.springframework.aop.framework.CglibAopProxy$CglibMethodInvocation.proceed(CglibAopProxy.java:768)
	at org.springframework.aop.framework.CglibAopProxy$DynamicAdvisedInterceptor.intercept(CglibAopProxy.java:720)
	at cn.edu.xmu.javaee.productdemoaop.controller.ProductController$$SpringCGLIB$$0.getProductById(<generated>)
	at java.base/jdk.internal.reflect.NativeMethodAccessorImpl.invoke0(Native Method)
	at java.base/jdk.internal.reflect.NativeMethodAccessorImpl.invoke(NativeMethodAccessorImpl.java:77)
	at java.base/jdk.internal.reflect.DelegatingMethodAccessorImpl.invoke(DelegatingMethodAccessorImpl.java:43)
	at java.base/java.lang.reflect.Method.invoke(Method.java:568)
	at org.springframework.web.method.support.InvocableHandlerMethod.doInvoke(InvocableHandlerMethod.java:255)
	at org.springframework.web.method.support.InvocableHandlerMethod.invokeForRequest(InvocableHandlerMethod.java:188)
	at org.springframework.web.servlet.mvc.method.annotation.ServletInvocableHandlerMethod.invokeAndHandle(ServletInvocableHandlerMethod.java:118)
	at org.springframework.web.servlet.mvc.method.annotation.RequestMappingHandlerAdapter.invokeHandlerMethod(RequestMappingHandlerAdapter.java:926)
	at org.springframework.web.servlet.mvc.method.annotation.RequestMappingHandlerAdapter.handleInternal(RequestMappingHandlerAdapter.java:831)
	at org.springframework.web.servlet.mvc.method.AbstractHandlerMethodAdapter.handle(AbstractHandlerMethodAdapter.java:87)
	at org.springframework.web.servlet.DispatcherServlet.doDispatch(DispatcherServlet.java:1089)
	at org.springframework.web.servlet.DispatcherServlet.doService(DispatcherServlet.java:979)
	at org.springframework.web.servlet.FrameworkServlet.processRequest(FrameworkServlet.java:1014)
	at org.springframework.web.servlet.FrameworkServlet.doGet(FrameworkServlet.java:903)
	at jakarta.servlet.http.HttpServlet.service(HttpServlet.java:564)
	at org.springframework.web.servlet.FrameworkServlet.service(FrameworkServlet.java:885)
	at jakarta.servlet.http.HttpServlet.service(HttpServlet.java:658)
	at org.apache.catalina.core.ApplicationFilterChain.internalDoFilter(ApplicationFilterChain.java:195)
	at org.apache.catalina.core.ApplicationFilterChain.doFilter(ApplicationFilterChain.java:140)
	at org.apache.tomcat.websocket.server.WsFilter.doFilter(WsFilter.java:51)
	at org.apache.catalina.core.ApplicationFilterChain.internalDoFilter(ApplicationFilterChain.java:164)
	at org.apache.catalina.core.ApplicationFilterChain.doFilter(ApplicationFilterChain.java:140)
	at org.springframework.web.filter.RequestContextFilter.doFilterInternal(RequestContextFilter.java:100)
	at org.springframework.web.filter.OncePerRequestFilter.doFilter(OncePerRequestFilter.java:116)
	at org.apache.catalina.core.ApplicationFilterChain.internalDoFilter(ApplicationFilterChain.java:164)
	at org.apache.catalina.core.ApplicationFilterChain.doFilter(ApplicationFilterChain.java:140)
	at org.springframework.web.filter.FormContentFilter.doFilterInternal(FormContentFilter.java:93)
	at org.springframework.web.filter.OncePerRequestFilter.doFilter(OncePerRequestFilter.java:116)
	at org.apache.catalina.core.ApplicationFilterChain.internalDoFilter(ApplicationFilterChain.java:164)
	at org.apache.catalina.core.ApplicationFilterChain.doFilter(ApplicationFilterChain.java:140)
	at org.springframework.web.filter.ServerHttpObservationFilter.doFilterInternal(ServerHttpObservationFilter.java:113)
	at org.springframework.web.filter.OncePerRequestFilter.doFilter(OncePerRequestFilter.java:116)
	at org.apache.catalina.core.ApplicationFilterChain.internalDoFilter(ApplicationFilterChain.java:164)
	at org.apache.catalina.core.ApplicationFilterChain.doFilter(ApplicationFilterChain.java:140)
	at org.springframework.web.filter.CharacterEncodingFilter.doFilterInternal(CharacterEncodingFilter.java:201)
	at org.springframework.web.filter.OncePerRequestFilter.doFilter(OncePerRequestFilter.java:116)
	at org.apache.catalina.core.ApplicationFilterChain.internalDoFilter(ApplicationFilterChain.java:164)
	at org.apache.catalina.core.ApplicationFilterChain.doFilter(ApplicationFilterChain.java:140)
	at org.apache.catalina.core.StandardWrapperValve.invoke(StandardWrapperValve.java:167)
	at org.apache.catalina.core.StandardContextValve.invoke(StandardContextValve.java:90)
	at org.apache.catalina.authenticator.AuthenticatorBase.invoke(AuthenticatorBase.java:483)
	at org.apache.catalina.core.StandardHostValve.invoke(StandardHostValve.java:115)
	at org.apache.catalina.valves.ErrorReportValve.invoke(ErrorReportValve.java:93)
	at org.apache.catalina.core.StandardEngineValve.invoke(StandardEngineValve.java:74)
	at org.apache.catalina.connector.CoyoteAdapter.service(CoyoteAdapter.java:344)
	at org.apache.coyote.http11.Http11Processor.service(Http11Processor.java:384)
	at org.apache.coyote.AbstractProcessorLight.process(AbstractProcessorLight.java:63)
	at org.apache.coyote.AbstractProtocol$ConnectionHandler.process(AbstractProtocol.java:905)
	at org.apache.tomcat.util.net.NioEndpoint$SocketProcessor.doRun(NioEndpoint.java:1741)
	at org.apache.tomcat.util.net.SocketProcessorBase.run(SocketProcessorBase.java:52)
	at org.apache.tomcat.util.threads.ThreadPoolExecutor.runWorker(ThreadPoolExecutor.java:1190)
	at org.apache.tomcat.util.threads.ThreadPoolExecutor$Worker.run(ThreadPoolExecutor.java:659)
	at org.apache.tomcat.util.threads.TaskThread$WrappingRunnable.run(TaskThread.java:63)
	at java.base/java.lang.Thread.run(Thread.java:840)
2024-11-21 23:06:30.970 [SpringApplicationShutdownHook] INFO  com.alibaba.druid.pool.DruidDataSource - {dataSource-1} closing ...
2024-11-21 23:06:30.975 [SpringApplicationShutdownHook] INFO  com.alibaba.druid.pool.DruidDataSource - {dataSource-1} closed
2024-11-21 23:06:33.776 [background-preinit] INFO  org.hibernate.validator.internal.util.Version - HV000001: Hibernate Validator 8.0.1.Final
2024-11-21 23:06:33.801 [main] INFO  c.e.x.j.productdemoaop.ProductDemoAOPApplication - Starting ProductDemoAOPApplication using Java 17.0.12 with PID 45524 (D:\文档\WORD\大学\JavaEE\JavaEE-2-4\Exp6\7.SpringAOP\productdemoaop\target\classes started by X-BELIEVER in D:\文档\WORD\大学\JavaEE\JavaEE-2-4\Exp6\7.SpringAOP)
2024-11-21 23:06:33.801 [main] DEBUG c.e.x.j.productdemoaop.ProductDemoAOPApplication - Running with Spring Boot v3.3.4, Spring v6.1.13
2024-11-21 23:06:33.801 [main] INFO  c.e.x.j.productdemoaop.ProductDemoAOPApplication - No active profile set, falling back to 1 default profile: "default"
2024-11-21 23:06:34.304 [main] INFO  o.s.d.r.config.RepositoryConfigurationDelegate - Multiple Spring Data modules found, entering strict repository configuration mode
2024-11-21 23:06:34.305 [main] INFO  o.s.d.r.config.RepositoryConfigurationDelegate - Bootstrapping Spring Data Redis repositories in DEFAULT mode.
2024-11-21 23:06:34.324 [main] INFO  o.s.d.r.config.RepositoryConfigurationDelegate - Finished Spring Data repository scanning in 11 ms. Found 0 Redis repository interfaces.
2024-11-21 23:06:34.779 [main] INFO  o.s.boot.web.embedded.tomcat.TomcatWebServer - Tomcat initialized with port 8080 (http)
2024-11-21 23:06:34.780 [main] INFO  org.apache.catalina.core.AprLifecycleListener - An older version [1.3.1] of the Apache Tomcat Native library is installed, while Tomcat recommends a minimum version of [2.0.5]
2024-11-21 23:06:34.780 [main] INFO  org.apache.catalina.core.AprLifecycleListener - Loaded Apache Tomcat Native library [1.3.1] using APR version [1.7.4].
2024-11-21 23:06:34.783 [main] INFO  org.apache.catalina.core.AprLifecycleListener - OpenSSL successfully initialized [OpenSSL 3.0.14 4 Jun 2024]
2024-11-21 23:06:34.787 [main] INFO  org.apache.coyote.http11.Http11NioProtocol - Initializing ProtocolHandler ["http-nio-8080"]
2024-11-21 23:06:34.789 [main] INFO  org.apache.catalina.core.StandardService - Starting service [Tomcat]
2024-11-21 23:06:34.789 [main] INFO  org.apache.catalina.core.StandardEngine - Starting Servlet engine: [Apache Tomcat/10.1.30]
2024-11-21 23:06:34.821 [main] INFO  o.a.c.core.ContainerBase.[Tomcat].[localhost].[/] - Initializing Spring embedded WebApplicationContext
2024-11-21 23:06:34.821 [main] INFO  o.s.b.w.s.c.ServletWebServerApplicationContext - Root WebApplicationContext: initialization completed in 990 ms
2024-11-21 23:06:35.841 [main] INFO  o.s.b.actuate.endpoint.web.EndpointLinksResolver - Exposing 14 endpoints beneath base path '/actuator'
2024-11-21 23:06:35.874 [main] INFO  org.apache.coyote.http11.Http11NioProtocol - Starting ProtocolHandler ["http-nio-8080"]
2024-11-21 23:06:35.892 [main] INFO  o.s.boot.web.embedded.tomcat.TomcatWebServer - Tomcat started on port 8080 (http) with context path '/'
2024-11-21 23:06:35.900 [main] INFO  c.e.x.j.productdemoaop.ProductDemoAOPApplication - Started ProductDemoAOPApplication in 2.32 seconds (process running for 2.805)
2024-11-21 23:06:36.272 [RMI TCP Connection(2)-192.168.222.1] INFO  o.a.c.core.ContainerBase.[Tomcat].[localhost].[/] - Initializing Spring DispatcherServlet 'dispatcherServlet'
2024-11-21 23:06:36.272 [RMI TCP Connection(2)-192.168.222.1] INFO  org.springframework.web.servlet.DispatcherServlet - Initializing Servlet 'dispatcherServlet'
2024-11-21 23:06:36.274 [RMI TCP Connection(2)-192.168.222.1] INFO  org.springframework.web.servlet.DispatcherServlet - Completed initialization in 2 ms
2024-11-21 23:06:36.297 [RMI TCP Connection(3)-192.168.222.1] INFO  com.alibaba.druid.pool.DruidDataSource - {dataSource-1} inited
2024-11-21 23:06:39.156 [http-nio-8080-exec-1] DEBUG c.e.x.j.p.controller.ProductController - getProductById: id = 5440
2024-11-21 23:06:39.356 [http-nio-8080-exec-1] INFO  c.e.x.j.p.controller.ProductController - Cache miss for product ID: 5440
2024-11-21 23:06:39.404 [http-nio-8080-exec-1] DEBUG c.e.x.javaee.productdemoaop.service.ProductService - findProductById: id = 5440, all = true
2024-11-21 23:06:39.415 [http-nio-8080-exec-1] DEBUG c.e.x.j.p.m.g.ProductPoMapper.selectByPrimaryKey - ==>  Preparing: select `id`, `shop_id`, `goods_id`, `category_id`, `template_id`, `sku_sn`, `name`, `original_price`, `weight`, `barcode`, `unit`, `origin_place`, `creator_id`, `creator_name`, `modifier_id`, `modifier_name`, `gmt_create`, `gmt_modified`, `status`, `commission_ratio`, `shop_logistic_id`, `free_threshold` from goods_product where `id` = ?
2024-11-21 23:06:39.424 [http-nio-8080-exec-1] DEBUG c.e.x.j.p.m.g.ProductPoMapper.selectByPrimaryKey - ==> Parameters: 5440(Long)
2024-11-21 23:06:39.478 [http-nio-8080-exec-1] DEBUG c.e.x.j.p.m.g.ProductPoMapper.selectByPrimaryKey - <==      Total: 1
2024-11-21 23:06:39.486 [http-nio-8080-exec-1] DEBUG c.e.x.j.p.m.g.OnSalePoMapper.selectByExample - ==>  Preparing: SELECT `id`, `shop_id`, `product_id`, `price`, `begin_time`, `end_time`, `quantity`, `type`, `creator_id`, `creator_name`, `modifier_id`, `modifier_name`, `gmt_create`, `gmt_modified`, `max_quantity`, `invalid` FROM goods_onsale WHERE ((`product_id` = ? and `begin_time` <= ? and `end_time` >= ?)) ORDER BY end_time DESC
2024-11-21 23:06:39.487 [http-nio-8080-exec-1] DEBUG c.e.x.j.p.m.g.OnSalePoMapper.selectByExample - ==> Parameters: 5440(Long), 2024-11-21T23:06:39.481204(LocalDateTime), 2024-11-21T23:06:39.481204(LocalDateTime)
2024-11-21 23:06:39.538 [http-nio-8080-exec-1] DEBUG c.e.x.j.p.m.g.OnSalePoMapper.selectByExample - <==      Total: 1
2024-11-21 23:06:39.543 [http-nio-8080-exec-1] DEBUG c.e.x.j.p.m.g.ProductPoMapper.selectByExample - ==>  Preparing: SELECT `id`, `shop_id`, `goods_id`, `category_id`, `template_id`, `sku_sn`, `name`, `original_price`, `weight`, `barcode`, `unit`, `origin_place`, `creator_id`, `creator_name`, `modifier_id`, `modifier_name`, `gmt_create`, `gmt_modified`, `status`, `commission_ratio`, `shop_logistic_id`, `free_threshold` FROM goods_product WHERE ((`goods_id` = ? and `id` <> ?))
2024-11-21 23:06:39.543 [http-nio-8080-exec-1] DEBUG c.e.x.j.p.m.g.ProductPoMapper.selectByExample - ==> Parameters: 51(Long), 5440(Long)
2024-11-21 23:06:39.597 [http-nio-8080-exec-1] DEBUG c.e.x.j.p.m.g.ProductPoMapper.selectByExample - <==      Total: 10
