2024-11-24 19:14:29.107 [background-preinit] INFO  org.hibernate.validator.internal.util.Version - HV000001: Hibernate Validator 8.0.1.Final
2024-11-24 19:14:29.144 [main] INFO  c.e.x.j.productdemoaop.ProductDemoAOPApplication - Starting ProductDemoAOPApplication using Java 17.0.12 with PID 65016 (D:\文档\WORD\大学\JavaEE\JavaEE-2-4\Exp6\7.SpringAOP\productdemoaop\target\classes started by X-BELIEVER in D:\文档\WORD\大学\JavaEE\JavaEE-2-4\Exp6\7.SpringAOP)
2024-11-24 19:14:29.144 [main] DEBUG c.e.x.j.productdemoaop.ProductDemoAOPApplication - Running with Spring Boot v3.3.4, Spring v6.1.13
2024-11-24 19:14:29.145 [main] INFO  c.e.x.j.productdemoaop.ProductDemoAOPApplication - No active profile set, falling back to 1 default profile: "default"
2024-11-24 19:14:29.796 [main] INFO  o.s.d.r.config.RepositoryConfigurationDelegate - Multiple Spring Data modules found, entering strict repository configuration mode
2024-11-24 19:14:29.798 [main] INFO  o.s.d.r.config.RepositoryConfigurationDelegate - Bootstrapping Spring Data Redis repositories in DEFAULT mode.
2024-11-24 19:14:29.826 [main] INFO  o.s.d.r.config.RepositoryConfigurationDelegate - Finished Spring Data repository scanning in 16 ms. Found 0 Redis repository interfaces.
2024-11-24 19:14:30.412 [main] INFO  o.s.boot.web.embedded.tomcat.TomcatWebServer - Tomcat initialized with port 8080 (http)
2024-11-24 19:14:30.414 [main] INFO  org.apache.catalina.core.AprLifecycleListener - An older version [1.3.1] of the Apache Tomcat Native library is installed, while Tomcat recommends a minimum version of [2.0.5]
2024-11-24 19:14:30.415 [main] INFO  org.apache.catalina.core.AprLifecycleListener - Loaded Apache Tomcat Native library [1.3.1] using APR version [1.7.4].
2024-11-24 19:14:30.418 [main] INFO  org.apache.catalina.core.AprLifecycleListener - OpenSSL successfully initialized [OpenSSL 3.0.14 4 Jun 2024]
2024-11-24 19:14:30.423 [main] INFO  org.apache.coyote.http11.Http11NioProtocol - Initializing ProtocolHandler ["http-nio-8080"]
2024-11-24 19:14:30.425 [main] INFO  org.apache.catalina.core.StandardService - Starting service [Tomcat]
2024-11-24 19:14:30.425 [main] INFO  org.apache.catalina.core.StandardEngine - Starting Servlet engine: [Apache Tomcat/10.1.30]
2024-11-24 19:14:30.465 [main] INFO  o.a.c.core.ContainerBase.[Tomcat].[localhost].[/] - Initializing Spring embedded WebApplicationContext
2024-11-24 19:14:30.465 [main] INFO  o.s.b.w.s.c.ServletWebServerApplicationContext - Root WebApplicationContext: initialization completed in 1291 ms
2024-11-24 19:14:31.606 [main] INFO  o.s.b.actuate.endpoint.web.EndpointLinksResolver - Exposing 14 endpoints beneath base path '/actuator'
2024-11-24 19:14:31.639 [main] INFO  org.apache.coyote.http11.Http11NioProtocol - Starting ProtocolHandler ["http-nio-8080"]
2024-11-24 19:14:31.652 [main] INFO  o.s.boot.web.embedded.tomcat.TomcatWebServer - Tomcat started on port 8080 (http) with context path '/'
2024-11-24 19:14:31.659 [main] INFO  c.e.x.j.productdemoaop.ProductDemoAOPApplication - Started ProductDemoAOPApplication in 2.824 seconds (process running for 3.473)
2024-11-24 19:14:31.795 [RMI TCP Connection(1)-192.168.222.1] INFO  o.a.c.core.ContainerBase.[Tomcat].[localhost].[/] - Initializing Spring DispatcherServlet 'dispatcherServlet'
2024-11-24 19:14:31.795 [RMI TCP Connection(1)-192.168.222.1] INFO  org.springframework.web.servlet.DispatcherServlet - Initializing Servlet 'dispatcherServlet'
2024-11-24 19:14:31.796 [RMI TCP Connection(1)-192.168.222.1] INFO  org.springframework.web.servlet.DispatcherServlet - Completed initialization in 1 ms
2024-11-24 19:14:31.819 [RMI TCP Connection(2)-192.168.222.1] INFO  com.alibaba.druid.pool.DruidDataSource - {dataSource-1} inited
2024-11-24 19:15:05.259 [http-nio-8080-exec-1] WARN  o.s.w.s.m.support.DefaultHandlerExceptionResolver - Resolved [org.springframework.web.method.annotation.MethodArgumentTypeMismatchException: Failed to convert value of type 'java.lang.String' to required type 'java.lang.Long'; For input string: "5440&type=redis"]
2024-11-24 19:15:50.129 [http-nio-8080-exec-3] DEBUG c.e.x.j.p.controller.ProductController - getProductById: id = 5440
2024-11-24 19:15:50.344 [http-nio-8080-exec-3] INFO  c.e.x.j.p.controller.ProductController - Cache MISS for product ID: 5440
2024-11-24 19:15:50.452 [http-nio-8080-exec-3] DEBUG c.e.x.javaee.productdemoaop.service.ProductService - findProductById: id = 5440, all = true
2024-11-24 19:15:50.465 [http-nio-8080-exec-3] DEBUG c.e.x.j.p.m.g.ProductPoMapper.selectByPrimaryKey - ==>  Preparing: select `id`, `shop_id`, `goods_id`, `category_id`, `template_id`, `sku_sn`, `name`, `original_price`, `weight`, `barcode`, `unit`, `origin_place`, `creator_id`, `creator_name`, `modifier_id`, `modifier_name`, `gmt_create`, `gmt_modified`, `status`, `commission_ratio`, `shop_logistic_id`, `free_threshold` from goods_product where `id` = ?
2024-11-24 19:15:50.474 [http-nio-8080-exec-3] DEBUG c.e.x.j.p.m.g.ProductPoMapper.selectByPrimaryKey - ==> Parameters: 5440(Long)
2024-11-24 19:15:50.536 [http-nio-8080-exec-3] DEBUG c.e.x.j.p.m.g.ProductPoMapper.selectByPrimaryKey - <==      Total: 1
2024-11-24 19:15:50.543 [http-nio-8080-exec-3] DEBUG c.e.x.j.p.m.g.OnSalePoMapper.selectByExample - ==>  Preparing: SELECT `id`, `shop_id`, `product_id`, `price`, `begin_time`, `end_time`, `quantity`, `type`, `creator_id`, `creator_name`, `modifier_id`, `modifier_name`, `gmt_create`, `gmt_modified`, `max_quantity`, `invalid` FROM goods_onsale WHERE ((`product_id` = ? and `begin_time` <= ? and `end_time` >= ?)) ORDER BY end_time DESC
2024-11-24 19:15:50.544 [http-nio-8080-exec-3] DEBUG c.e.x.j.p.m.g.OnSalePoMapper.selectByExample - ==> Parameters: 5440(Long), 2024-11-24T19:15:50.537649800(LocalDateTime), 2024-11-24T19:15:50.537649800(LocalDateTime)
2024-11-24 19:15:50.601 [http-nio-8080-exec-3] DEBUG c.e.x.j.p.m.g.OnSalePoMapper.selectByExample - <==      Total: 1
2024-11-24 19:15:50.607 [http-nio-8080-exec-3] DEBUG c.e.x.j.p.m.g.ProductPoMapper.selectByExample - ==>  Preparing: SELECT `id`, `shop_id`, `goods_id`, `category_id`, `template_id`, `sku_sn`, `name`, `original_price`, `weight`, `barcode`, `unit`, `origin_place`, `creator_id`, `creator_name`, `modifier_id`, `modifier_name`, `gmt_create`, `gmt_modified`, `status`, `commission_ratio`, `shop_logistic_id`, `free_threshold` FROM goods_product WHERE ((`goods_id` = ? and `id` <> ?))
2024-11-24 19:15:50.607 [http-nio-8080-exec-3] DEBUG c.e.x.j.p.m.g.ProductPoMapper.selectByExample - ==> Parameters: 51(Long), 5440(Long)
2024-11-24 19:15:50.671 [http-nio-8080-exec-3] DEBUG c.e.x.j.p.m.g.ProductPoMapper.selectByExample - <==      Total: 10
2024-11-24 19:16:27.328 [background-preinit] INFO  org.hibernate.validator.internal.util.Version - HV000001: Hibernate Validator 8.0.1.Final
2024-11-24 19:16:27.351 [main] INFO  c.e.x.j.productdemoaop.ProductDemoAOPApplication - Starting ProductDemoAOPApplication using Java 17.0.12 with PID 61460 (D:\文档\WORD\大学\JavaEE\JavaEE-2-4\Exp6\7.SpringAOP\productdemoaop\target\classes started by X-BELIEVER in D:\文档\WORD\大学\JavaEE\JavaEE-2-4\Exp6\7.SpringAOP)
2024-11-24 19:16:27.352 [main] DEBUG c.e.x.j.productdemoaop.ProductDemoAOPApplication - Running with Spring Boot v3.3.4, Spring v6.1.13
2024-11-24 19:16:27.352 [main] INFO  c.e.x.j.productdemoaop.ProductDemoAOPApplication - No active profile set, falling back to 1 default profile: "default"
2024-11-24 19:16:27.846 [main] INFO  o.s.d.r.config.RepositoryConfigurationDelegate - Multiple Spring Data modules found, entering strict repository configuration mode
2024-11-24 19:16:27.847 [main] INFO  o.s.d.r.config.RepositoryConfigurationDelegate - Bootstrapping Spring Data Redis repositories in DEFAULT mode.
2024-11-24 19:16:27.866 [main] INFO  o.s.d.r.config.RepositoryConfigurationDelegate - Finished Spring Data repository scanning in 11 ms. Found 0 Redis repository interfaces.
2024-11-24 19:16:28.304 [main] INFO  o.s.boot.web.embedded.tomcat.TomcatWebServer - Tomcat initialized with port 8080 (http)
2024-11-24 19:16:28.305 [main] INFO  org.apache.catalina.core.AprLifecycleListener - An older version [1.3.1] of the Apache Tomcat Native library is installed, while Tomcat recommends a minimum version of [2.0.5]
2024-11-24 19:16:28.305 [main] INFO  org.apache.catalina.core.AprLifecycleListener - Loaded Apache Tomcat Native library [1.3.1] using APR version [1.7.4].
2024-11-24 19:16:28.308 [main] INFO  org.apache.catalina.core.AprLifecycleListener - OpenSSL successfully initialized [OpenSSL 3.0.14 4 Jun 2024]
2024-11-24 19:16:28.311 [main] INFO  org.apache.coyote.http11.Http11NioProtocol - Initializing ProtocolHandler ["http-nio-8080"]
2024-11-24 19:16:28.314 [main] INFO  org.apache.catalina.core.StandardService - Starting service [Tomcat]
2024-11-24 19:16:28.314 [main] INFO  org.apache.catalina.core.StandardEngine - Starting Servlet engine: [Apache Tomcat/10.1.30]
2024-11-24 19:16:28.351 [main] INFO  o.a.c.core.ContainerBase.[Tomcat].[localhost].[/] - Initializing Spring embedded WebApplicationContext
2024-11-24 19:16:28.351 [main] INFO  o.s.b.w.s.c.ServletWebServerApplicationContext - Root WebApplicationContext: initialization completed in 969 ms
2024-11-24 19:16:29.367 [main] INFO  o.s.b.actuate.endpoint.web.EndpointLinksResolver - Exposing 14 endpoints beneath base path '/actuator'
2024-11-24 19:16:29.406 [main] INFO  org.apache.coyote.http11.Http11NioProtocol - Starting ProtocolHandler ["http-nio-8080"]
2024-11-24 19:16:29.419 [main] INFO  o.s.boot.web.embedded.tomcat.TomcatWebServer - Tomcat started on port 8080 (http) with context path '/'
2024-11-24 19:16:29.426 [main] INFO  c.e.x.j.productdemoaop.ProductDemoAOPApplication - Started ProductDemoAOPApplication in 2.302 seconds (process running for 2.791)
2024-11-24 19:16:29.821 [RMI TCP Connection(3)-192.168.222.1] INFO  o.a.c.core.ContainerBase.[Tomcat].[localhost].[/] - Initializing Spring DispatcherServlet 'dispatcherServlet'
2024-11-24 19:16:29.821 [RMI TCP Connection(3)-192.168.222.1] INFO  org.springframework.web.servlet.DispatcherServlet - Initializing Servlet 'dispatcherServlet'
2024-11-24 19:16:29.821 [RMI TCP Connection(3)-192.168.222.1] INFO  org.springframework.web.servlet.DispatcherServlet - Completed initialization in 0 ms
2024-11-24 19:16:29.838 [RMI TCP Connection(2)-192.168.222.1] INFO  com.alibaba.druid.pool.DruidDataSource - {dataSource-1} inited
2024-11-24 19:16:34.975 [http-nio-8080-exec-1] DEBUG c.e.x.j.p.controller.ProductController - getProductById: id = 5440
2024-11-24 19:16:35.231 [http-nio-8080-exec-1] INFO  c.e.x.j.p.controller.ProductController - Cache HIT for product ID: 5440
2024-11-24 19:16:50.790 [http-nio-8080-exec-4] DEBUG c.e.x.j.p.controller.ProductController - getProductById: id = 5440
2024-11-24 19:16:50.844 [http-nio-8080-exec-4] DEBUG c.e.x.javaee.productdemoaop.service.ProductService - findProductById: id = 5440, all = true
2024-11-24 19:16:50.855 [http-nio-8080-exec-4] DEBUG c.e.x.j.p.m.g.ProductPoMapper.selectByPrimaryKey - ==>  Preparing: select `id`, `shop_id`, `goods_id`, `category_id`, `template_id`, `sku_sn`, `name`, `original_price`, `weight`, `barcode`, `unit`, `origin_place`, `creator_id`, `creator_name`, `modifier_id`, `modifier_name`, `gmt_create`, `gmt_modified`, `status`, `commission_ratio`, `shop_logistic_id`, `free_threshold` from goods_product where `id` = ?
2024-11-24 19:16:50.869 [http-nio-8080-exec-4] DEBUG c.e.x.j.p.m.g.ProductPoMapper.selectByPrimaryKey - ==> Parameters: 5440(Long)
2024-11-24 19:16:50.926 [http-nio-8080-exec-4] DEBUG c.e.x.j.p.m.g.ProductPoMapper.selectByPrimaryKey - <==      Total: 1
2024-11-24 19:16:50.933 [http-nio-8080-exec-4] DEBUG c.e.x.j.p.m.g.OnSalePoMapper.selectByExample - ==>  Preparing: SELECT `id`, `shop_id`, `product_id`, `price`, `begin_time`, `end_time`, `quantity`, `type`, `creator_id`, `creator_name`, `modifier_id`, `modifier_name`, `gmt_create`, `gmt_modified`, `max_quantity`, `invalid` FROM goods_onsale WHERE ((`product_id` = ? and `begin_time` <= ? and `end_time` >= ?)) ORDER BY end_time DESC
2024-11-24 19:16:50.933 [http-nio-8080-exec-4] DEBUG c.e.x.j.p.m.g.OnSalePoMapper.selectByExample - ==> Parameters: 5440(Long), 2024-11-24T19:16:50.927798500(LocalDateTime), 2024-11-24T19:16:50.927798500(LocalDateTime)
2024-11-24 19:16:50.989 [http-nio-8080-exec-4] DEBUG c.e.x.j.p.m.g.OnSalePoMapper.selectByExample - <==      Total: 1
2024-11-24 19:16:50.993 [http-nio-8080-exec-4] DEBUG c.e.x.j.p.m.g.ProductPoMapper.selectByExample - ==>  Preparing: SELECT `id`, `shop_id`, `goods_id`, `category_id`, `template_id`, `sku_sn`, `name`, `original_price`, `weight`, `barcode`, `unit`, `origin_place`, `creator_id`, `creator_name`, `modifier_id`, `modifier_name`, `gmt_create`, `gmt_modified`, `status`, `commission_ratio`, `shop_logistic_id`, `free_threshold` FROM goods_product WHERE ((`goods_id` = ? and `id` <> ?))
2024-11-24 19:16:50.993 [http-nio-8080-exec-4] DEBUG c.e.x.j.p.m.g.ProductPoMapper.selectByExample - ==> Parameters: 51(Long), 5440(Long)
2024-11-24 19:16:51.049 [http-nio-8080-exec-4] DEBUG c.e.x.j.p.m.g.ProductPoMapper.selectByExample - <==      Total: 10
