2024-11-22 12:26:10.537 [background-preinit] INFO  org.hibernate.validator.internal.util.Version - HV000001: Hibernate Validator 8.0.1.Final
2024-11-22 12:26:10.571 [main] INFO  c.e.x.j.productdemoaop.ProductDemoAOPApplication - Starting ProductDemoAOPApplication using Java 17.0.12 with PID 43452 (D:\文档\WORD\大学\JavaEE\JavaEE-2-4\Exp6\7.SpringAOP\productdemoaop\target\classes started by X-BELIEVER in D:\文档\WORD\大学\JavaEE\JavaEE-2-4\Exp6\7.SpringAOP)
2024-11-22 12:26:10.571 [main] DEBUG c.e.x.j.productdemoaop.ProductDemoAOPApplication - Running with Spring Boot v3.3.4, Spring v6.1.13
2024-11-22 12:26:10.572 [main] INFO  c.e.x.j.productdemoaop.ProductDemoAOPApplication - No active profile set, falling back to 1 default profile: "default"
2024-11-22 12:26:11.162 [main] INFO  o.s.d.r.config.RepositoryConfigurationDelegate - Multiple Spring Data modules found, entering strict repository configuration mode
2024-11-22 12:26:11.163 [main] INFO  o.s.d.r.config.RepositoryConfigurationDelegate - Bootstrapping Spring Data Redis repositories in DEFAULT mode.
2024-11-22 12:26:11.190 [main] INFO  o.s.d.r.config.RepositoryConfigurationDelegate - Finished Spring Data repository scanning in 16 ms. Found 0 Redis repository interfaces.
2024-11-22 12:26:11.752 [main] INFO  o.s.boot.web.embedded.tomcat.TomcatWebServer - Tomcat initialized with port 8080 (http)
2024-11-22 12:26:11.755 [main] INFO  org.apache.catalina.core.AprLifecycleListener - An older version [1.3.1] of the Apache Tomcat Native library is installed, while Tomcat recommends a minimum version of [2.0.5]
2024-11-22 12:26:11.755 [main] INFO  org.apache.catalina.core.AprLifecycleListener - Loaded Apache Tomcat Native library [1.3.1] using APR version [1.7.4].
2024-11-22 12:26:11.757 [main] INFO  org.apache.catalina.core.AprLifecycleListener - OpenSSL successfully initialized [OpenSSL 3.0.14 4 Jun 2024]
2024-11-22 12:26:11.763 [main] INFO  org.apache.coyote.http11.Http11NioProtocol - Initializing ProtocolHandler ["http-nio-8080"]
2024-11-22 12:26:11.765 [main] INFO  org.apache.catalina.core.StandardService - Starting service [Tomcat]
2024-11-22 12:26:11.766 [main] INFO  org.apache.catalina.core.StandardEngine - Starting Servlet engine: [Apache Tomcat/10.1.30]
2024-11-22 12:26:11.806 [main] INFO  o.a.c.core.ContainerBase.[Tomcat].[localhost].[/] - Initializing Spring embedded WebApplicationContext
2024-11-22 12:26:11.806 [main] INFO  o.s.b.w.s.c.ServletWebServerApplicationContext - Root WebApplicationContext: initialization completed in 1209 ms
2024-11-22 12:26:12.930 [main] INFO  o.s.b.actuate.endpoint.web.EndpointLinksResolver - Exposing 14 endpoints beneath base path '/actuator'
2024-11-22 12:26:12.964 [main] INFO  org.apache.coyote.http11.Http11NioProtocol - Starting ProtocolHandler ["http-nio-8080"]
2024-11-22 12:26:12.978 [main] INFO  o.s.boot.web.embedded.tomcat.TomcatWebServer - Tomcat started on port 8080 (http) with context path '/'
2024-11-22 12:26:12.986 [main] INFO  c.e.x.j.productdemoaop.ProductDemoAOPApplication - Started ProductDemoAOPApplication in 2.693 seconds (process running for 3.28)
2024-11-22 12:26:13.226 [RMI TCP Connection(2)-192.168.222.1] INFO  o.a.c.core.ContainerBase.[Tomcat].[localhost].[/] - Initializing Spring DispatcherServlet 'dispatcherServlet'
2024-11-22 12:26:13.226 [RMI TCP Connection(2)-192.168.222.1] INFO  org.springframework.web.servlet.DispatcherServlet - Initializing Servlet 'dispatcherServlet'
2024-11-22 12:26:13.227 [RMI TCP Connection(2)-192.168.222.1] INFO  org.springframework.web.servlet.DispatcherServlet - Completed initialization in 1 ms
2024-11-22 12:26:13.250 [RMI TCP Connection(3)-192.168.222.1] INFO  com.alibaba.druid.pool.DruidDataSource - {dataSource-1} inited
2024-11-22 12:26:37.447 [http-nio-8080-exec-1] DEBUG c.e.x.j.p.controller.ProductController - getProductById: id = 5440
2024-11-22 12:26:37.668 [http-nio-8080-exec-1] INFO  c.e.x.j.p.controller.ProductController - Cache MISS for product ID: 5440
2024-11-22 12:26:37.722 [http-nio-8080-exec-1] DEBUG c.e.x.javaee.productdemoaop.service.ProductService - findProductById: id = 5440, all = true
2024-11-22 12:26:37.735 [http-nio-8080-exec-1] DEBUG c.e.x.j.p.m.g.ProductPoMapper.selectByPrimaryKey - ==>  Preparing: select `id`, `shop_id`, `goods_id`, `category_id`, `template_id`, `sku_sn`, `name`, `original_price`, `weight`, `barcode`, `unit`, `origin_place`, `creator_id`, `creator_name`, `modifier_id`, `modifier_name`, `gmt_create`, `gmt_modified`, `status`, `commission_ratio`, `shop_logistic_id`, `free_threshold` from goods_product where `id` = ?
2024-11-22 12:26:37.744 [http-nio-8080-exec-1] DEBUG c.e.x.j.p.m.g.ProductPoMapper.selectByPrimaryKey - ==> Parameters: 5440(Long)
2024-11-22 12:26:37.807 [http-nio-8080-exec-1] DEBUG c.e.x.j.p.m.g.ProductPoMapper.selectByPrimaryKey - <==      Total: 1
2024-11-22 12:26:37.815 [http-nio-8080-exec-1] DEBUG c.e.x.j.p.m.g.OnSalePoMapper.selectByExample - ==>  Preparing: SELECT `id`, `shop_id`, `product_id`, `price`, `begin_time`, `end_time`, `quantity`, `type`, `creator_id`, `creator_name`, `modifier_id`, `modifier_name`, `gmt_create`, `gmt_modified`, `max_quantity`, `invalid` FROM goods_onsale WHERE ((`product_id` = ? and `begin_time` <= ? and `end_time` >= ?)) ORDER BY end_time DESC
2024-11-22 12:26:37.815 [http-nio-8080-exec-1] DEBUG c.e.x.j.p.m.g.OnSalePoMapper.selectByExample - ==> Parameters: 5440(Long), 2024-11-22T12:26:37.809200300(LocalDateTime), 2024-11-22T12:26:37.809200300(LocalDateTime)
2024-11-22 12:26:37.870 [http-nio-8080-exec-1] DEBUG c.e.x.j.p.m.g.OnSalePoMapper.selectByExample - <==      Total: 1
2024-11-22 12:26:37.876 [http-nio-8080-exec-1] DEBUG c.e.x.j.p.m.g.ProductPoMapper.selectByExample - ==>  Preparing: SELECT `id`, `shop_id`, `goods_id`, `category_id`, `template_id`, `sku_sn`, `name`, `original_price`, `weight`, `barcode`, `unit`, `origin_place`, `creator_id`, `creator_name`, `modifier_id`, `modifier_name`, `gmt_create`, `gmt_modified`, `status`, `commission_ratio`, `shop_logistic_id`, `free_threshold` FROM goods_product WHERE ((`goods_id` = ? and `id` <> ?))
2024-11-22 12:26:37.876 [http-nio-8080-exec-1] DEBUG c.e.x.j.p.m.g.ProductPoMapper.selectByExample - ==> Parameters: 51(Long), 5440(Long)
2024-11-22 12:26:37.931 [http-nio-8080-exec-1] DEBUG c.e.x.j.p.m.g.ProductPoMapper.selectByExample - <==      Total: 10
2024-11-22 12:27:00.714 [http-nio-8080-exec-3] DEBUG c.e.x.j.p.controller.ProductController - getProductById: id = 5440
2024-11-22 12:27:00.786 [http-nio-8080-exec-3] INFO  c.e.x.j.p.controller.ProductController - Cache HIT for product ID: 5440
2024-11-22 12:27:30.036 [http-nio-8080-exec-4] DEBUG c.e.x.j.p.controller.ProductController - getProductById: id = 2055
2024-11-22 12:27:30.089 [http-nio-8080-exec-4] INFO  c.e.x.j.p.controller.ProductController - Cache MISS for product ID: 2055
2024-11-22 12:27:30.138 [http-nio-8080-exec-4] DEBUG c.e.x.javaee.productdemoaop.service.ProductService - findProductById: id = 2055, all = true
2024-11-22 12:27:30.139 [http-nio-8080-exec-4] DEBUG c.e.x.j.p.m.g.ProductPoMapper.selectByPrimaryKey - ==>  Preparing: select `id`, `shop_id`, `goods_id`, `category_id`, `template_id`, `sku_sn`, `name`, `original_price`, `weight`, `barcode`, `unit`, `origin_place`, `creator_id`, `creator_name`, `modifier_id`, `modifier_name`, `gmt_create`, `gmt_modified`, `status`, `commission_ratio`, `shop_logistic_id`, `free_threshold` from goods_product where `id` = ?
2024-11-22 12:27:30.139 [http-nio-8080-exec-4] DEBUG c.e.x.j.p.m.g.ProductPoMapper.selectByPrimaryKey - ==> Parameters: 2055(Long)
2024-11-22 12:27:30.188 [http-nio-8080-exec-4] DEBUG c.e.x.j.p.m.g.ProductPoMapper.selectByPrimaryKey - <==      Total: 1
2024-11-22 12:27:30.189 [http-nio-8080-exec-4] DEBUG c.e.x.j.p.m.g.OnSalePoMapper.selectByExample - ==>  Preparing: SELECT `id`, `shop_id`, `product_id`, `price`, `begin_time`, `end_time`, `quantity`, `type`, `creator_id`, `creator_name`, `modifier_id`, `modifier_name`, `gmt_create`, `gmt_modified`, `max_quantity`, `invalid` FROM goods_onsale WHERE ((`product_id` = ? and `begin_time` <= ? and `end_time` >= ?)) ORDER BY end_time DESC
2024-11-22 12:27:30.189 [http-nio-8080-exec-4] DEBUG c.e.x.j.p.m.g.OnSalePoMapper.selectByExample - ==> Parameters: 2055(Long), 2024-11-22T12:27:30.189097700(LocalDateTime), 2024-11-22T12:27:30.189097700(LocalDateTime)
2024-11-22 12:27:30.242 [http-nio-8080-exec-4] DEBUG c.e.x.j.p.m.g.OnSalePoMapper.selectByExample - <==      Total: 1
2024-11-22 12:27:30.243 [http-nio-8080-exec-4] DEBUG c.e.x.j.p.m.g.ProductPoMapper.selectByExample - ==>  Preparing: SELECT `id`, `shop_id`, `goods_id`, `category_id`, `template_id`, `sku_sn`, `name`, `original_price`, `weight`, `barcode`, `unit`, `origin_place`, `creator_id`, `creator_name`, `modifier_id`, `modifier_name`, `gmt_create`, `gmt_modified`, `status`, `commission_ratio`, `shop_logistic_id`, `free_threshold` FROM goods_product WHERE ((`goods_id` = ? and `id` <> ?))
2024-11-22 12:27:30.243 [http-nio-8080-exec-4] DEBUG c.e.x.j.p.m.g.ProductPoMapper.selectByExample - ==> Parameters: 51(Long), 2055(Long)
2024-11-22 12:27:30.300 [http-nio-8080-exec-4] DEBUG c.e.x.j.p.m.g.ProductPoMapper.selectByExample - <==      Total: 10
2024-11-22 15:24:58.635 [background-preinit] INFO  org.hibernate.validator.internal.util.Version - HV000001: Hibernate Validator 8.0.1.Final
2024-11-22 15:24:58.689 [main] INFO  c.e.x.j.productdemoaop.ProductDemoAOPApplication - Starting ProductDemoAOPApplication using Java 17.0.12 with PID 26056 (D:\文档\WORD\大学\JavaEE\JavaEE-2-4\Exp6\7.SpringAOP\productdemoaop\target\classes started by X-BELIEVER in D:\文档\WORD\大学\JavaEE\JavaEE-2-4\Exp6\7.SpringAOP)
2024-11-22 15:24:58.689 [main] DEBUG c.e.x.j.productdemoaop.ProductDemoAOPApplication - Running with Spring Boot v3.3.4, Spring v6.1.13
2024-11-22 15:24:58.690 [main] INFO  c.e.x.j.productdemoaop.ProductDemoAOPApplication - No active profile set, falling back to 1 default profile: "default"
2024-11-22 15:24:59.861 [main] INFO  o.s.d.r.config.RepositoryConfigurationDelegate - Multiple Spring Data modules found, entering strict repository configuration mode
2024-11-22 15:24:59.865 [main] INFO  o.s.d.r.config.RepositoryConfigurationDelegate - Bootstrapping Spring Data Redis repositories in DEFAULT mode.
2024-11-22 15:24:59.906 [main] INFO  o.s.d.r.config.RepositoryConfigurationDelegate - Finished Spring Data repository scanning in 23 ms. Found 0 Redis repository interfaces.
2024-11-22 15:25:00.987 [main] INFO  o.s.boot.web.embedded.tomcat.TomcatWebServer - Tomcat initialized with port 8080 (http)
2024-11-22 15:25:00.991 [main] INFO  org.apache.catalina.core.AprLifecycleListener - An older version [1.3.1] of the Apache Tomcat Native library is installed, while Tomcat recommends a minimum version of [2.0.5]
2024-11-22 15:25:00.991 [main] INFO  org.apache.catalina.core.AprLifecycleListener - Loaded Apache Tomcat Native library [1.3.1] using APR version [1.7.4].
2024-11-22 15:25:00.997 [main] INFO  org.apache.catalina.core.AprLifecycleListener - OpenSSL successfully initialized [OpenSSL 3.0.14 4 Jun 2024]
2024-11-22 15:25:01.007 [main] INFO  org.apache.coyote.http11.Http11NioProtocol - Initializing ProtocolHandler ["http-nio-8080"]
2024-11-22 15:25:01.011 [main] INFO  org.apache.catalina.core.StandardService - Starting service [Tomcat]
2024-11-22 15:25:01.011 [main] INFO  org.apache.catalina.core.StandardEngine - Starting Servlet engine: [Apache Tomcat/10.1.30]
2024-11-22 15:25:01.082 [main] INFO  o.a.c.core.ContainerBase.[Tomcat].[localhost].[/] - Initializing Spring embedded WebApplicationContext
2024-11-22 15:25:01.082 [main] INFO  o.s.b.w.s.c.ServletWebServerApplicationContext - Root WebApplicationContext: initialization completed in 2344 ms
2024-11-22 15:25:03.358 [main] INFO  o.s.b.actuate.endpoint.web.EndpointLinksResolver - Exposing 14 endpoints beneath base path '/actuator'
2024-11-22 15:25:03.436 [main] INFO  org.apache.coyote.http11.Http11NioProtocol - Starting ProtocolHandler ["http-nio-8080"]
2024-11-22 15:25:03.463 [main] INFO  o.s.boot.web.embedded.tomcat.TomcatWebServer - Tomcat started on port 8080 (http) with context path '/'
2024-11-22 15:25:03.480 [main] INFO  c.e.x.j.productdemoaop.ProductDemoAOPApplication - Started ProductDemoAOPApplication in 5.317 seconds (process running for 6.443)
2024-11-22 15:25:03.979 [RMI TCP Connection(1)-192.168.222.1] INFO  o.a.c.core.ContainerBase.[Tomcat].[localhost].[/] - Initializing Spring DispatcherServlet 'dispatcherServlet'
2024-11-22 15:25:03.980 [RMI TCP Connection(1)-192.168.222.1] INFO  org.springframework.web.servlet.DispatcherServlet - Initializing Servlet 'dispatcherServlet'
2024-11-22 15:25:03.994 [RMI TCP Connection(1)-192.168.222.1] INFO  org.springframework.web.servlet.DispatcherServlet - Completed initialization in 14 ms
2024-11-22 15:25:04.027 [RMI TCP Connection(3)-192.168.222.1] INFO  com.alibaba.druid.pool.DruidDataSource - {dataSource-1} inited
2024-11-22 15:25:08.320 [http-nio-8080-exec-1] DEBUG c.e.x.j.p.controller.ProductController - getProductById: id = 5440
2024-11-22 15:25:08.859 [http-nio-8080-exec-1] INFO  c.e.x.j.p.controller.ProductController - Cache MISS for product ID: 5440
2024-11-22 15:25:09.028 [http-nio-8080-exec-1] DEBUG c.e.x.javaee.productdemoaop.service.ProductService - findProductById: id = 5440, all = true
2024-11-22 15:25:09.053 [http-nio-8080-exec-1] DEBUG c.e.x.j.p.m.g.ProductPoMapper.selectByPrimaryKey - ==>  Preparing: select `id`, `shop_id`, `goods_id`, `category_id`, `template_id`, `sku_sn`, `name`, `original_price`, `weight`, `barcode`, `unit`, `origin_place`, `creator_id`, `creator_name`, `modifier_id`, `modifier_name`, `gmt_create`, `gmt_modified`, `status`, `commission_ratio`, `shop_logistic_id`, `free_threshold` from goods_product where `id` = ?
2024-11-22 15:25:09.075 [http-nio-8080-exec-1] DEBUG c.e.x.j.p.m.g.ProductPoMapper.selectByPrimaryKey - ==> Parameters: 5440(Long)
2024-11-22 15:25:09.454 [http-nio-8080-exec-1] DEBUG c.e.x.j.p.m.g.ProductPoMapper.selectByPrimaryKey - <==      Total: 1
2024-11-22 15:25:09.469 [http-nio-8080-exec-1] DEBUG c.e.x.j.p.m.g.OnSalePoMapper.selectByExample - ==>  Preparing: SELECT `id`, `shop_id`, `product_id`, `price`, `begin_time`, `end_time`, `quantity`, `type`, `creator_id`, `creator_name`, `modifier_id`, `modifier_name`, `gmt_create`, `gmt_modified`, `max_quantity`, `invalid` FROM goods_onsale WHERE ((`product_id` = ? and `begin_time` <= ? and `end_time` >= ?)) ORDER BY end_time DESC
2024-11-22 15:25:09.470 [http-nio-8080-exec-1] DEBUG c.e.x.j.p.m.g.OnSalePoMapper.selectByExample - ==> Parameters: 5440(Long), 2024-11-22T15:25:09.458982900(LocalDateTime), 2024-11-22T15:25:09.458982900(LocalDateTime)
2024-11-22 15:25:09.484 [http-nio-8080-exec-2] DEBUG c.e.x.j.p.controller.ProductController - getProductById: id = 5440
2024-11-22 15:25:09.525 [http-nio-8080-exec-1] DEBUG c.e.x.j.p.m.g.OnSalePoMapper.selectByExample - <==      Total: 1
2024-11-22 15:25:09.535 [http-nio-8080-exec-1] DEBUG c.e.x.j.p.m.g.ProductPoMapper.selectByExample - ==>  Preparing: SELECT `id`, `shop_id`, `goods_id`, `category_id`, `template_id`, `sku_sn`, `name`, `original_price`, `weight`, `barcode`, `unit`, `origin_place`, `creator_id`, `creator_name`, `modifier_id`, `modifier_name`, `gmt_create`, `gmt_modified`, `status`, `commission_ratio`, `shop_logistic_id`, `free_threshold` FROM goods_product WHERE ((`goods_id` = ? and `id` <> ?))
2024-11-22 15:25:09.535 [http-nio-8080-exec-1] DEBUG c.e.x.j.p.m.g.ProductPoMapper.selectByExample - ==> Parameters: 51(Long), 5440(Long)
2024-11-22 15:25:09.535 [http-nio-8080-exec-2] INFO  c.e.x.j.p.controller.ProductController - Cache MISS for product ID: 5440
2024-11-22 15:25:09.670 [http-nio-8080-exec-1] DEBUG c.e.x.j.p.m.g.ProductPoMapper.selectByExample - <==      Total: 10
2024-11-22 15:25:10.319 [http-nio-8080-exec-2] DEBUG c.e.x.javaee.productdemoaop.service.ProductService - findProductById: id = 5440, all = true
2024-11-22 15:25:10.320 [http-nio-8080-exec-2] DEBUG c.e.x.j.p.m.g.ProductPoMapper.selectByPrimaryKey - ==>  Preparing: select `id`, `shop_id`, `goods_id`, `category_id`, `template_id`, `sku_sn`, `name`, `original_price`, `weight`, `barcode`, `unit`, `origin_place`, `creator_id`, `creator_name`, `modifier_id`, `modifier_name`, `gmt_create`, `gmt_modified`, `status`, `commission_ratio`, `shop_logistic_id`, `free_threshold` from goods_product where `id` = ?
2024-11-22 15:25:10.320 [http-nio-8080-exec-2] DEBUG c.e.x.j.p.m.g.ProductPoMapper.selectByPrimaryKey - ==> Parameters: 5440(Long)
2024-11-22 15:25:10.731 [http-nio-8080-exec-2] DEBUG c.e.x.j.p.m.g.ProductPoMapper.selectByPrimaryKey - <==      Total: 1
2024-11-22 15:25:10.732 [http-nio-8080-exec-2] DEBUG c.e.x.j.p.m.g.OnSalePoMapper.selectByExample - ==>  Preparing: SELECT `id`, `shop_id`, `product_id`, `price`, `begin_time`, `end_time`, `quantity`, `type`, `creator_id`, `creator_name`, `modifier_id`, `modifier_name`, `gmt_create`, `gmt_modified`, `max_quantity`, `invalid` FROM goods_onsale WHERE ((`product_id` = ? and `begin_time` <= ? and `end_time` >= ?)) ORDER BY end_time DESC
2024-11-22 15:25:10.733 [http-nio-8080-exec-2] DEBUG c.e.x.j.p.m.g.OnSalePoMapper.selectByExample - ==> Parameters: 5440(Long), 2024-11-22T15:25:10.731312300(LocalDateTime), 2024-11-22T15:25:10.731312300(LocalDateTime)
2024-11-22 15:25:11.088 [http-nio-8080-exec-2] DEBUG c.e.x.j.p.m.g.OnSalePoMapper.selectByExample - <==      Total: 1
2024-11-22 15:25:11.089 [http-nio-8080-exec-2] DEBUG c.e.x.j.p.m.g.ProductPoMapper.selectByExample - ==>  Preparing: SELECT `id`, `shop_id`, `goods_id`, `category_id`, `template_id`, `sku_sn`, `name`, `original_price`, `weight`, `barcode`, `unit`, `origin_place`, `creator_id`, `creator_name`, `modifier_id`, `modifier_name`, `gmt_create`, `gmt_modified`, `status`, `commission_ratio`, `shop_logistic_id`, `free_threshold` FROM goods_product WHERE ((`goods_id` = ? and `id` <> ?))
2024-11-22 15:25:11.089 [http-nio-8080-exec-2] DEBUG c.e.x.j.p.m.g.ProductPoMapper.selectByExample - ==> Parameters: 51(Long), 5440(Long)
2024-11-22 15:25:11.330 [http-nio-8080-exec-2] DEBUG c.e.x.j.p.m.g.ProductPoMapper.selectByExample - <==      Total: 10
2024-11-22 15:32:40.763 [http-nio-8080-exec-6] DEBUG c.e.x.j.p.controller.ProductController - getProductById: id = 5440
2024-11-22 15:32:41.055 [http-nio-8080-exec-6] INFO  c.e.x.j.p.controller.ProductController - Cache HIT for product ID: 5440
2024-11-22 16:02:58.504 [SpringApplicationShutdownHook] INFO  com.alibaba.druid.pool.DruidDataSource - {dataSource-1} closing ...
2024-11-22 16:02:58.505 [SpringApplicationShutdownHook] INFO  com.alibaba.druid.pool.DruidDataSource - {dataSource-1} closed
